2025-03-07 11:05:09,607 [Worker-1: Loading available Gradle versions] INFO  o.e.b.c.i.u.g.PublishedGradleVersions - Gradle version information cache is not available. Remote download required.
2025-03-07 11:13:24,247 [Worker-3: Importing Maven projects] INFO  o.e.m.c.i.e.AbstractTransferListenerAdapter - Downloaded https://repo.maven.apache.org/maven2/org/springframework/boot/spring-boot-starter-parent/3.4.3/spring-boot-starter-parent-3.4.3.pom
2025-03-07 11:13:24,429 [Worker-3: Importing Maven projects] INFO  o.e.m.c.i.p.ProjectConfigurationManager - Imported and configured 1 project(s) in 0 sec
2025-03-07 11:13:32,539 [Worker-24: reload maven project] ERROR o.e.m.c.i.p.r.ProjectRegistryManager - Failed to read Maven project: Some problems were encountered while processing the POMs:
[FATAL] Non-resolvable parent POM for com.example:maven_proj1:0.0.1-SNAPSHOT: The following artifacts could not be resolved: org.springframework.boot:spring-boot-starter-parent:pom:3.4.3 (absent): org.springframework.boot:spring-boot-starter-parent:pom:3.4.3 failed to transfer from https://repo.maven.apache.org/maven2 during a previous attempt. This failure was cached in the local repository and resolution is not reattempted until the update interval of central has elapsed or updates are forced. Original error: Could not transfer artifact org.springframework.boot:spring-boot-starter-parent:pom:3.4.3 from/to central (https://repo.maven.apache.org/maven2): (certificate_unknown) PKIX path building failed: sun.security.provider.certpath.SunCertPathBuilderException: unable to find valid certification path to requested target and 'parent.relativePath' points at no local POM @ line 5, column 10

org.apache.maven.project.ProjectBuildingException: Some problems were encountered while processing the POMs:
[FATAL] Non-resolvable parent POM for com.example:maven_proj1:0.0.1-SNAPSHOT: The following artifacts could not be resolved: org.springframework.boot:spring-boot-starter-parent:pom:3.4.3 (absent): org.springframework.boot:spring-boot-starter-parent:pom:3.4.3 failed to transfer from https://repo.maven.apache.org/maven2 during a previous attempt. This failure was cached in the local repository and resolution is not reattempted until the update interval of central has elapsed or updates are forced. Original error: Could not transfer artifact org.springframework.boot:spring-boot-starter-parent:pom:3.4.3 from/to central (https://repo.maven.apache.org/maven2): (certificate_unknown) PKIX path building failed: sun.security.provider.certpath.SunCertPathBuilderException: unable to find valid certification path to requested target and 'parent.relativePath' points at no local POM @ line 5, column 10

	at org.eclipse.m2e.core.internal.IMavenToolbox.readMavenProjects(IMavenToolbox.java:140)
	at org.eclipse.m2e.core.internal.project.registry.ProjectRegistryManager.lambda$22(ProjectRegistryManager.java:943)
	at org.eclipse.m2e.core.internal.embedder.MavenExecutionContext.executeBare(MavenExecutionContext.java:458)
	at org.eclipse.m2e.core.internal.embedder.MavenExecutionContext.execute(MavenExecutionContext.java:339)
	at org.eclipse.m2e.core.internal.embedder.MavenExecutionContext.execute(MavenExecutionContext.java:278)
	at org.eclipse.m2e.core.internal.project.registry.ProjectRegistryManager.readProjectsWithDependencies(ProjectRegistryManager.java:939)
	at org.eclipse.m2e.core.internal.project.registry.ProjectRegistryManager.create(ProjectRegistryManager.java:219)
	at org.eclipse.m2e.core.internal.project.registry.MavenProjectManager.create(MavenProjectManager.java:105)
	at org.eclipse.m2e.core.ui.internal.actions.SelectionUtil.getMavenProject(SelectionUtil.java:239)
	at org.eclipse.m2e.editor.pom.MavenPomEditor.readMavenProject(MavenPomEditor.java:709)
	at org.eclipse.m2e.editor.pom.MavenPomEditor$4.run(MavenPomEditor.java:1029)
	at org.eclipse.core.internal.jobs.Worker.run(Worker.java:63)
2025-03-07 11:20:56,328 [Worker-15: reload maven project] ERROR o.e.m.c.i.p.r.ProjectRegistryManager - Failed to read Maven project: Some problems were encountered while processing the POMs:
[FATAL] Non-resolvable parent POM for com.example:mavenProject:0.0.1-SNAPSHOT: The following artifacts could not be resolved: org.springframework.boot:spring-boot-starter-parent:pom:3.4.3 (absent): org.springframework.boot:spring-boot-starter-parent:pom:3.4.3 failed to transfer from https://repo.maven.apache.org/maven2 during a previous attempt. This failure was cached in the local repository and resolution is not reattempted until the update interval of central has elapsed or updates are forced. Original error: Could not transfer artifact org.springframework.boot:spring-boot-starter-parent:pom:3.4.3 from/to central (https://repo.maven.apache.org/maven2): (certificate_unknown) PKIX path building failed: sun.security.provider.certpath.SunCertPathBuilderException: unable to find valid certification path to requested target and 'parent.relativePath' points at no local POM @ line 5, column 10

org.apache.maven.project.ProjectBuildingException: Some problems were encountered while processing the POMs:
[FATAL] Non-resolvable parent POM for com.example:mavenProject:0.0.1-SNAPSHOT: The following artifacts could not be resolved: org.springframework.boot:spring-boot-starter-parent:pom:3.4.3 (absent): org.springframework.boot:spring-boot-starter-parent:pom:3.4.3 failed to transfer from https://repo.maven.apache.org/maven2 during a previous attempt. This failure was cached in the local repository and resolution is not reattempted until the update interval of central has elapsed or updates are forced. Original error: Could not transfer artifact org.springframework.boot:spring-boot-starter-parent:pom:3.4.3 from/to central (https://repo.maven.apache.org/maven2): (certificate_unknown) PKIX path building failed: sun.security.provider.certpath.SunCertPathBuilderException: unable to find valid certification path to requested target and 'parent.relativePath' points at no local POM @ line 5, column 10

	at org.eclipse.m2e.core.internal.IMavenToolbox.readMavenProjects(IMavenToolbox.java:140)
	at org.eclipse.m2e.core.internal.project.registry.ProjectRegistryManager.lambda$22(ProjectRegistryManager.java:943)
	at org.eclipse.m2e.core.internal.embedder.MavenExecutionContext.executeBare(MavenExecutionContext.java:458)
	at org.eclipse.m2e.core.internal.embedder.MavenExecutionContext.execute(MavenExecutionContext.java:339)
	at org.eclipse.m2e.core.internal.embedder.MavenExecutionContext.execute(MavenExecutionContext.java:278)
	at org.eclipse.m2e.core.internal.project.registry.ProjectRegistryManager.readProjectsWithDependencies(ProjectRegistryManager.java:939)
	at org.eclipse.m2e.core.internal.project.registry.ProjectRegistryManager.create(ProjectRegistryManager.java:219)
	at org.eclipse.m2e.core.internal.project.registry.MavenProjectManager.create(MavenProjectManager.java:105)
	at org.eclipse.m2e.core.ui.internal.actions.SelectionUtil.getMavenProject(SelectionUtil.java:239)
	at org.eclipse.m2e.editor.pom.MavenPomEditor.readMavenProject(MavenPomEditor.java:709)
	at org.eclipse.m2e.editor.pom.MavenPomEditor$4.run(MavenPomEditor.java:1029)
	at org.eclipse.core.internal.jobs.Worker.run(Worker.java:63)
2025-03-07 11:27:04,804 [Worker-15: Launching Executing clean in C__Users_venkat_Downloads_maven_proj1] INFO  o.eclipse.m2e.core.internal.Bundles - getClasspathEntries(Bundle=org.eclipse.m2e.maven.runtime_3.9.900.20240824-1409 [300])
2025-03-07 11:27:04,805 [Worker-15: Launching Executing clean in C__Users_venkat_Downloads_maven_proj1] INFO  o.eclipse.m2e.core.internal.Bundles - 	Entry: C:\Users\venkat\.p2\pool\plugins\org.eclipse.m2e.maven.runtime_3.9.900.20240824-1409
2025-03-07 11:27:04,805 [Worker-15: Launching Executing clean in C__Users_venkat_Downloads_maven_proj1] INFO  o.eclipse.m2e.core.internal.Bundles - 	Entry: C:\Users\venkat\.p2\pool\plugins\org.eclipse.m2e.maven.runtime_3.9.900.20240824-1409\jars\aopalliance-1.0.jar
2025-03-07 11:27:04,805 [Worker-15: Launching Executing clean in C__Users_venkat_Downloads_maven_proj1] INFO  o.eclipse.m2e.core.internal.Bundles - 	Entry: C:\Users\venkat\.p2\pool\plugins\org.eclipse.m2e.maven.runtime_3.9.900.20240824-1409\jars\guice-5.1.0.jar
2025-03-07 11:27:04,806 [Worker-15: Launching Executing clean in C__Users_venkat_Downloads_maven_proj1] INFO  o.eclipse.m2e.core.internal.Bundles - 	Entry: C:\Users\venkat\.p2\pool\plugins\org.eclipse.m2e.maven.runtime_3.9.900.20240824-1409\jars\httpclient-4.5.14.jar
2025-03-07 11:27:04,806 [Worker-15: Launching Executing clean in C__Users_venkat_Downloads_maven_proj1] INFO  o.eclipse.m2e.core.internal.Bundles - 	Entry: C:\Users\venkat\.p2\pool\plugins\org.eclipse.m2e.maven.runtime_3.9.900.20240824-1409\jars\httpcore-4.4.16.jar
2025-03-07 11:27:04,806 [Worker-15: Launching Executing clean in C__Users_venkat_Downloads_maven_proj1] INFO  o.eclipse.m2e.core.internal.Bundles - 	Entry: C:\Users\venkat\.p2\pool\plugins\org.eclipse.m2e.maven.runtime_3.9.900.20240824-1409\jars\jansi-2.4.1.jar
2025-03-07 11:27:04,806 [Worker-15: Launching Executing clean in C__Users_venkat_Downloads_maven_proj1] INFO  o.eclipse.m2e.core.internal.Bundles - 	Entry: C:\Users\venkat\.p2\pool\plugins\org.eclipse.m2e.maven.runtime_3.9.900.20240824-1409\jars\jcl-over-slf4j-1.7.36.jar
2025-03-07 11:27:04,807 [Worker-15: Launching Executing clean in C__Users_venkat_Downloads_maven_proj1] INFO  o.eclipse.m2e.core.internal.Bundles - 	Entry: C:\Users\venkat\.p2\pool\plugins\org.eclipse.m2e.maven.runtime_3.9.900.20240824-1409\jars\maven-artifact-3.9.9.jar
2025-03-07 11:27:04,807 [Worker-15: Launching Executing clean in C__Users_venkat_Downloads_maven_proj1] INFO  o.eclipse.m2e.core.internal.Bundles - 	Entry: C:\Users\venkat\.p2\pool\plugins\org.eclipse.m2e.maven.runtime_3.9.900.20240824-1409\jars\maven-builder-support-3.9.9.jar
2025-03-07 11:27:04,807 [Worker-15: Launching Executing clean in C__Users_venkat_Downloads_maven_proj1] INFO  o.eclipse.m2e.core.internal.Bundles - 	Entry: C:\Users\venkat\.p2\pool\plugins\org.eclipse.m2e.maven.runtime_3.9.900.20240824-1409\jars\maven-compat-3.9.9.jar
2025-03-07 11:27:04,807 [Worker-15: Launching Executing clean in C__Users_venkat_Downloads_maven_proj1] INFO  o.eclipse.m2e.core.internal.Bundles - 	Entry: C:\Users\venkat\.p2\pool\plugins\org.eclipse.m2e.maven.runtime_3.9.900.20240824-1409\jars\maven-core-3.9.9.jar
2025-03-07 11:27:04,807 [Worker-15: Launching Executing clean in C__Users_venkat_Downloads_maven_proj1] INFO  o.eclipse.m2e.core.internal.Bundles - 	Entry: C:\Users\venkat\.p2\pool\plugins\org.eclipse.m2e.maven.runtime_3.9.900.20240824-1409\jars\maven-embedder-3.9.9.jar
2025-03-07 11:27:04,807 [Worker-15: Launching Executing clean in C__Users_venkat_Downloads_maven_proj1] INFO  o.eclipse.m2e.core.internal.Bundles - 	Entry: C:\Users\venkat\.p2\pool\plugins\org.eclipse.m2e.maven.runtime_3.9.900.20240824-1409\jars\maven-model-3.9.9.jar
2025-03-07 11:27:04,808 [Worker-15: Launching Executing clean in C__Users_venkat_Downloads_maven_proj1] INFO  o.eclipse.m2e.core.internal.Bundles - 	Entry: C:\Users\venkat\.p2\pool\plugins\org.eclipse.m2e.maven.runtime_3.9.900.20240824-1409\jars\maven-model-builder-3.9.9.jar
2025-03-07 11:27:04,808 [Worker-15: Launching Executing clean in C__Users_venkat_Downloads_maven_proj1] INFO  o.eclipse.m2e.core.internal.Bundles - 	Entry: C:\Users\venkat\.p2\pool\plugins\org.eclipse.m2e.maven.runtime_3.9.900.20240824-1409\jars\maven-plugin-api-3.9.9.jar
2025-03-07 11:27:04,808 [Worker-15: Launching Executing clean in C__Users_venkat_Downloads_maven_proj1] INFO  o.eclipse.m2e.core.internal.Bundles - 	Entry: C:\Users\venkat\.p2\pool\plugins\org.eclipse.m2e.maven.runtime_3.9.900.20240824-1409\jars\maven-repository-metadata-3.9.9.jar
2025-03-07 11:27:04,808 [Worker-15: Launching Executing clean in C__Users_venkat_Downloads_maven_proj1] INFO  o.eclipse.m2e.core.internal.Bundles - 	Entry: C:\Users\venkat\.p2\pool\plugins\org.eclipse.m2e.maven.runtime_3.9.900.20240824-1409\jars\maven-resolver-api-1.9.22.jar
2025-03-07 11:27:04,808 [Worker-15: Launching Executing clean in C__Users_venkat_Downloads_maven_proj1] INFO  o.eclipse.m2e.core.internal.Bundles - 	Entry: C:\Users\venkat\.p2\pool\plugins\org.eclipse.m2e.maven.runtime_3.9.900.20240824-1409\jars\maven-resolver-connector-basic-1.9.22.jar
2025-03-07 11:27:04,809 [Worker-15: Launching Executing clean in C__Users_venkat_Downloads_maven_proj1] INFO  o.eclipse.m2e.core.internal.Bundles - 	Entry: C:\Users\venkat\.p2\pool\plugins\org.eclipse.m2e.maven.runtime_3.9.900.20240824-1409\jars\maven-resolver-impl-1.9.22.jar
2025-03-07 11:27:04,809 [Worker-15: Launching Executing clean in C__Users_venkat_Downloads_maven_proj1] INFO  o.eclipse.m2e.core.internal.Bundles - 	Entry: C:\Users\venkat\.p2\pool\plugins\org.eclipse.m2e.maven.runtime_3.9.900.20240824-1409\jars\maven-resolver-named-locks-1.9.22.jar
2025-03-07 11:27:04,809 [Worker-15: Launching Executing clean in C__Users_venkat_Downloads_maven_proj1] INFO  o.eclipse.m2e.core.internal.Bundles - 	Entry: C:\Users\venkat\.p2\pool\plugins\org.eclipse.m2e.maven.runtime_3.9.900.20240824-1409\jars\maven-resolver-provider-3.9.9.jar
2025-03-07 11:27:04,809 [Worker-15: Launching Executing clean in C__Users_venkat_Downloads_maven_proj1] INFO  o.eclipse.m2e.core.internal.Bundles - 	Entry: C:\Users\venkat\.p2\pool\plugins\org.eclipse.m2e.maven.runtime_3.9.900.20240824-1409\jars\maven-resolver-spi-1.9.22.jar
2025-03-07 11:27:04,809 [Worker-15: Launching Executing clean in C__Users_venkat_Downloads_maven_proj1] INFO  o.eclipse.m2e.core.internal.Bundles - 	Entry: C:\Users\venkat\.p2\pool\plugins\org.eclipse.m2e.maven.runtime_3.9.900.20240824-1409\jars\maven-resolver-transport-file-1.9.22.jar
2025-03-07 11:27:04,809 [Worker-15: Launching Executing clean in C__Users_venkat_Downloads_maven_proj1] INFO  o.eclipse.m2e.core.internal.Bundles - 	Entry: C:\Users\venkat\.p2\pool\plugins\org.eclipse.m2e.maven.runtime_3.9.900.20240824-1409\jars\maven-resolver-transport-http-1.9.22.jar
2025-03-07 11:27:04,809 [Worker-15: Launching Executing clean in C__Users_venkat_Downloads_maven_proj1] INFO  o.eclipse.m2e.core.internal.Bundles - 	Entry: C:\Users\venkat\.p2\pool\plugins\org.eclipse.m2e.maven.runtime_3.9.900.20240824-1409\jars\maven-resolver-transport-wagon-1.9.22.jar
2025-03-07 11:27:04,810 [Worker-15: Launching Executing clean in C__Users_venkat_Downloads_maven_proj1] INFO  o.eclipse.m2e.core.internal.Bundles - 	Entry: C:\Users\venkat\.p2\pool\plugins\org.eclipse.m2e.maven.runtime_3.9.900.20240824-1409\jars\maven-resolver-util-1.9.22.jar
2025-03-07 11:27:04,810 [Worker-15: Launching Executing clean in C__Users_venkat_Downloads_maven_proj1] INFO  o.eclipse.m2e.core.internal.Bundles - 	Entry: C:\Users\venkat\.p2\pool\plugins\org.eclipse.m2e.maven.runtime_3.9.900.20240824-1409\jars\maven-settings-3.9.9.jar
2025-03-07 11:27:04,810 [Worker-15: Launching Executing clean in C__Users_venkat_Downloads_maven_proj1] INFO  o.eclipse.m2e.core.internal.Bundles - 	Entry: C:\Users\venkat\.p2\pool\plugins\org.eclipse.m2e.maven.runtime_3.9.900.20240824-1409\jars\maven-settings-builder-3.9.9.jar
2025-03-07 11:27:04,810 [Worker-15: Launching Executing clean in C__Users_venkat_Downloads_maven_proj1] INFO  o.eclipse.m2e.core.internal.Bundles - 	Entry: C:\Users\venkat\.p2\pool\plugins\org.eclipse.m2e.maven.runtime_3.9.900.20240824-1409\jars\maven-shared-utils-3.4.2.jar
2025-03-07 11:27:04,811 [Worker-15: Launching Executing clean in C__Users_venkat_Downloads_maven_proj1] INFO  o.eclipse.m2e.core.internal.Bundles - 	Entry: C:\Users\venkat\.p2\pool\plugins\org.eclipse.m2e.maven.runtime_3.9.900.20240824-1409\jars\org.eclipse.sisu.inject-0.9.0.M3.jar
2025-03-07 11:27:04,811 [Worker-15: Launching Executing clean in C__Users_venkat_Downloads_maven_proj1] INFO  o.eclipse.m2e.core.internal.Bundles - 	Entry: C:\Users\venkat\.p2\pool\plugins\org.eclipse.m2e.maven.runtime_3.9.900.20240824-1409\jars\org.eclipse.sisu.plexus-0.9.0.M3.jar
2025-03-07 11:27:04,811 [Worker-15: Launching Executing clean in C__Users_venkat_Downloads_maven_proj1] INFO  o.eclipse.m2e.core.internal.Bundles - 	Entry: C:\Users\venkat\.p2\pool\plugins\org.eclipse.m2e.maven.runtime_3.9.900.20240824-1409\jars\plexus-build-api-0.0.7.jar
2025-03-07 11:27:04,811 [Worker-15: Launching Executing clean in C__Users_venkat_Downloads_maven_proj1] INFO  o.eclipse.m2e.core.internal.Bundles - 	Entry: C:\Users\venkat\.p2\pool\plugins\org.eclipse.m2e.maven.runtime_3.9.900.20240824-1409\jars\plexus-build-api-1.2.0.jar
2025-03-07 11:27:04,811 [Worker-15: Launching Executing clean in C__Users_venkat_Downloads_maven_proj1] INFO  o.eclipse.m2e.core.internal.Bundles - 	Entry: C:\Users\venkat\.p2\pool\plugins\org.eclipse.m2e.maven.runtime_3.9.900.20240824-1409\jars\plexus-cipher-2.0.jar
2025-03-07 11:27:04,811 [Worker-15: Launching Executing clean in C__Users_venkat_Downloads_maven_proj1] INFO  o.eclipse.m2e.core.internal.Bundles - 	Entry: C:\Users\venkat\.p2\pool\plugins\org.eclipse.m2e.maven.runtime_3.9.900.20240824-1409\jars\plexus-classworlds-2.8.0.jar
2025-03-07 11:27:04,811 [Worker-15: Launching Executing clean in C__Users_venkat_Downloads_maven_proj1] INFO  o.eclipse.m2e.core.internal.Bundles - 	Entry: C:\Users\venkat\.p2\pool\plugins\org.eclipse.m2e.maven.runtime_3.9.900.20240824-1409\jars\plexus-component-annotations-2.1.0.jar
2025-03-07 11:27:04,811 [Worker-15: Launching Executing clean in C__Users_venkat_Downloads_maven_proj1] INFO  o.eclipse.m2e.core.internal.Bundles - 	Entry: C:\Users\venkat\.p2\pool\plugins\org.eclipse.m2e.maven.runtime_3.9.900.20240824-1409\jars\plexus-interpolation-1.27.jar
2025-03-07 11:27:04,811 [Worker-15: Launching Executing clean in C__Users_venkat_Downloads_maven_proj1] INFO  o.eclipse.m2e.core.internal.Bundles - 	Entry: C:\Users\venkat\.p2\pool\plugins\org.eclipse.m2e.maven.runtime_3.9.900.20240824-1409\jars\plexus-sec-dispatcher-2.0.jar
2025-03-07 11:27:04,812 [Worker-15: Launching Executing clean in C__Users_venkat_Downloads_maven_proj1] INFO  o.eclipse.m2e.core.internal.Bundles - 	Entry: C:\Users\venkat\.p2\pool\plugins\org.eclipse.m2e.maven.runtime_3.9.900.20240824-1409\jars\plexus-utils-3.5.1.jar
2025-03-07 11:27:04,812 [Worker-15: Launching Executing clean in C__Users_venkat_Downloads_maven_proj1] INFO  o.eclipse.m2e.core.internal.Bundles - 	Entry: C:\Users\venkat\.p2\pool\plugins\org.eclipse.m2e.maven.runtime_3.9.900.20240824-1409\jars\plexus-xml-3.0.1.jar
2025-03-07 11:27:04,812 [Worker-15: Launching Executing clean in C__Users_venkat_Downloads_maven_proj1] INFO  o.eclipse.m2e.core.internal.Bundles - 	Entry: C:\Users\venkat\.p2\pool\plugins\org.eclipse.m2e.maven.runtime_3.9.900.20240824-1409\jars\wagon-file-3.5.3.jar
2025-03-07 11:27:04,812 [Worker-15: Launching Executing clean in C__Users_venkat_Downloads_maven_proj1] INFO  o.eclipse.m2e.core.internal.Bundles - 	Entry: C:\Users\venkat\.p2\pool\plugins\org.eclipse.m2e.maven.runtime_3.9.900.20240824-1409\jars\wagon-http-3.5.3.jar
2025-03-07 11:27:04,812 [Worker-15: Launching Executing clean in C__Users_venkat_Downloads_maven_proj1] INFO  o.eclipse.m2e.core.internal.Bundles - 	Entry: C:\Users\venkat\.p2\pool\plugins\org.eclipse.m2e.maven.runtime_3.9.900.20240824-1409\jars\wagon-http-shared-3.5.3.jar
2025-03-07 11:27:04,812 [Worker-15: Launching Executing clean in C__Users_venkat_Downloads_maven_proj1] INFO  o.eclipse.m2e.core.internal.Bundles - 	Entry: C:\Users\venkat\.p2\pool\plugins\org.eclipse.m2e.maven.runtime_3.9.900.20240824-1409\jars\wagon-provider-api-3.5.3.jar
2025-03-07 11:27:04,813 [Worker-15: Launching Executing clean in C__Users_venkat_Downloads_maven_proj1] INFO  o.eclipse.m2e.core.internal.Bundles - getClasspathEntries(Bundle=com.google.guava_33.3.1.jre [10])
2025-03-07 11:27:04,814 [Worker-15: Launching Executing clean in C__Users_venkat_Downloads_maven_proj1] INFO  o.eclipse.m2e.core.internal.Bundles - 	Entry: C:\Users\venkat\.p2\pool\plugins\com.google.guava_33.3.1.jre.jar
2025-03-07 11:27:04,814 [Worker-15: Launching Executing clean in C__Users_venkat_Downloads_maven_proj1] INFO  o.eclipse.m2e.core.internal.Bundles - getClasspathEntries(Bundle=slf4j.api_2.0.16 [524])
2025-03-07 11:27:04,814 [Worker-15: Launching Executing clean in C__Users_venkat_Downloads_maven_proj1] INFO  o.eclipse.m2e.core.internal.Bundles - 	Entry: C:\Users\venkat\.p2\pool\plugins\slf4j.api_2.0.16.jar
2025-03-07 11:27:04,814 [Worker-15: Launching Executing clean in C__Users_venkat_Downloads_maven_proj1] INFO  o.eclipse.m2e.core.internal.Bundles - getClasspathEntries(Bundle=jakarta.inject.jakarta.inject-api_1.0.5 [22])
2025-03-07 11:27:04,814 [Worker-15: Launching Executing clean in C__Users_venkat_Downloads_maven_proj1] INFO  o.eclipse.m2e.core.internal.Bundles - 	Entry: C:\Users\venkat\.p2\pool\plugins\jakarta.inject.jakarta.inject-api_1.0.5.jar
2025-03-07 11:27:04,814 [Worker-15: Launching Executing clean in C__Users_venkat_Downloads_maven_proj1] INFO  o.eclipse.m2e.core.internal.Bundles - getClasspathEntries(Bundle=jakarta.annotation-api_1.3.5 [20])
2025-03-07 11:27:04,815 [Worker-15: Launching Executing clean in C__Users_venkat_Downloads_maven_proj1] INFO  o.eclipse.m2e.core.internal.Bundles - 	Entry: C:\Users\venkat\.p2\pool\plugins\jakarta.annotation-api_1.3.5.jar
2025-03-07 11:27:04,815 [Worker-15: Launching Executing clean in C__Users_venkat_Downloads_maven_proj1] INFO  o.eclipse.m2e.core.internal.Bundles - getClasspathEntries(Bundle=org.apache.commons.cli_1.9.0 [47])
2025-03-07 11:27:04,815 [Worker-15: Launching Executing clean in C__Users_venkat_Downloads_maven_proj1] INFO  o.eclipse.m2e.core.internal.Bundles - 	Entry: C:\Users\venkat\.p2\pool\plugins\org.apache.commons.cli_1.9.0.jar
2025-03-07 11:27:04,815 [Worker-15: Launching Executing clean in C__Users_venkat_Downloads_maven_proj1] INFO  o.eclipse.m2e.core.internal.Bundles - getClasspathEntries(Bundle=org.apache.commons.commons-codec_1.16.0 [50])
2025-03-07 11:27:04,815 [Worker-15: Launching Executing clean in C__Users_venkat_Downloads_maven_proj1] INFO  o.eclipse.m2e.core.internal.Bundles - 	Entry: C:\Users\venkat\.p2\pool\plugins\org.apache.commons.commons-codec_1.16.0.jar
2025-03-07 11:27:04,815 [Worker-15: Launching Executing clean in C__Users_venkat_Downloads_maven_proj1] INFO  o.eclipse.m2e.core.internal.Bundles - getClasspathEntries(Bundle=com.google.guava.failureaccess_1.0.2 [11])
2025-03-07 11:27:04,816 [Worker-15: Launching Executing clean in C__Users_venkat_Downloads_maven_proj1] INFO  o.eclipse.m2e.core.internal.Bundles - 	Entry: C:\Users\venkat\.p2\pool\plugins\com.google.guava.failureaccess_1.0.2.jar
2025-03-07 11:27:04,819 [Worker-15: Launching Executing clean in C__Users_venkat_Downloads_maven_proj1] INFO  o.e.m.i.launch.MavenLaunchDelegate - Run build in "C:\Users\venkat\Downloads\maven_proj1":
2025-03-07 11:27:04,822 [Worker-15: Launching Executing clean in C__Users_venkat_Downloads_maven_proj1] INFO  o.e.m.i.launch.MavenLaunchDelegate -  mvn  -B -Dstyle.color=always clean
2025-03-07 11:27:04,840 [Worker-15: Launching Executing clean in C__Users_venkat_Downloads_maven_proj1] ERROR o.e.m.c.i.p.r.ProjectRegistryManager - Failed to read Maven project: Some problems were encountered while processing the POMs:
[FATAL] Non-resolvable parent POM for com.example:mavenProject:0.0.1-SNAPSHOT: The following artifacts could not be resolved: org.springframework.boot:spring-boot-starter-parent:pom:3.4.3 (absent): org.springframework.boot:spring-boot-starter-parent:pom:3.4.3 failed to transfer from https://repo.maven.apache.org/maven2 during a previous attempt. This failure was cached in the local repository and resolution is not reattempted until the update interval of central has elapsed or updates are forced. Original error: Could not transfer artifact org.springframework.boot:spring-boot-starter-parent:pom:3.4.3 from/to central (https://repo.maven.apache.org/maven2): (certificate_unknown) PKIX path building failed: sun.security.provider.certpath.SunCertPathBuilderException: unable to find valid certification path to requested target and 'parent.relativePath' points at no local POM @ line 5, column 10

org.apache.maven.project.ProjectBuildingException: Some problems were encountered while processing the POMs:
[FATAL] Non-resolvable parent POM for com.example:mavenProject:0.0.1-SNAPSHOT: The following artifacts could not be resolved: org.springframework.boot:spring-boot-starter-parent:pom:3.4.3 (absent): org.springframework.boot:spring-boot-starter-parent:pom:3.4.3 failed to transfer from https://repo.maven.apache.org/maven2 during a previous attempt. This failure was cached in the local repository and resolution is not reattempted until the update interval of central has elapsed or updates are forced. Original error: Could not transfer artifact org.springframework.boot:spring-boot-starter-parent:pom:3.4.3 from/to central (https://repo.maven.apache.org/maven2): (certificate_unknown) PKIX path building failed: sun.security.provider.certpath.SunCertPathBuilderException: unable to find valid certification path to requested target and 'parent.relativePath' points at no local POM @ line 5, column 10

	at org.eclipse.m2e.core.internal.IMavenToolbox.readMavenProjects(IMavenToolbox.java:140)
	at org.eclipse.m2e.core.internal.project.registry.ProjectRegistryManager.lambda$22(ProjectRegistryManager.java:943)
	at org.eclipse.m2e.core.internal.embedder.MavenExecutionContext.executeBare(MavenExecutionContext.java:458)
	at org.eclipse.m2e.core.internal.embedder.MavenExecutionContext.execute(MavenExecutionContext.java:339)
	at org.eclipse.m2e.core.internal.embedder.MavenExecutionContext.execute(MavenExecutionContext.java:278)
	at org.eclipse.m2e.core.internal.project.registry.ProjectRegistryManager.readProjectsWithDependencies(ProjectRegistryManager.java:939)
	at org.eclipse.m2e.core.internal.project.registry.ProjectRegistryManager.create(ProjectRegistryManager.java:219)
	at org.eclipse.m2e.core.internal.project.registry.MavenProjectManager.create(MavenProjectManager.java:105)
	at org.eclipse.m2e.internal.launch.MavenLaunchDelegate.readEnforcedJavaVersion(MavenLaunchDelegate.java:251)
	at org.eclipse.m2e.internal.launch.MavenLaunchDelegate.getVMInstall(MavenLaunchDelegate.java:224)
	at org.eclipse.jdt.launching.AbstractJavaLaunchConfigurationDelegate.getBootpathExt(AbstractJavaLaunchConfigurationDelegate.java:363)
	at org.eclipse.jdt.launching.AbstractJavaLaunchConfigurationDelegate.getVMSpecificAttributesMap(AbstractJavaLaunchConfigurationDelegate.java:679)
	at org.eclipse.jdt.launching.JavaLaunchDelegate.getVMRunnerConfiguration(JavaLaunchDelegate.java:92)
	at org.eclipse.jdt.launching.JavaLaunchDelegate.launch(JavaLaunchDelegate.java:160)
	at org.eclipse.m2e.internal.launch.MavenLaunchDelegate.launch(MavenLaunchDelegate.java:133)
	at org.eclipse.debug.internal.core.LaunchConfiguration.launch(LaunchConfiguration.java:777)
	at org.eclipse.debug.internal.core.LaunchConfiguration.launch(LaunchConfiguration.java:688)
	at org.eclipse.debug.internal.ui.DebugUIPlugin.buildAndLaunch(DebugUIPlugin.java:1054)
	at org.eclipse.debug.internal.ui.DebugUIPlugin$1.run(DebugUIPlugin.java:1257)
	at org.eclipse.core.internal.jobs.Worker.run(Worker.java:63)
2025-03-07 11:27:04,848 [Worker-15: Launching Executing clean in C__Users_venkat_Downloads_maven_proj1] ERROR o.e.m.c.i.p.r.ProjectRegistryManager - Failed to read Maven project: Some problems were encountered while processing the POMs:
[FATAL] Non-resolvable parent POM for com.example:mavenProject:0.0.1-SNAPSHOT: The following artifacts could not be resolved: org.springframework.boot:spring-boot-starter-parent:pom:3.4.3 (absent): org.springframework.boot:spring-boot-starter-parent:pom:3.4.3 failed to transfer from https://repo.maven.apache.org/maven2 during a previous attempt. This failure was cached in the local repository and resolution is not reattempted until the update interval of central has elapsed or updates are forced. Original error: Could not transfer artifact org.springframework.boot:spring-boot-starter-parent:pom:3.4.3 from/to central (https://repo.maven.apache.org/maven2): (certificate_unknown) PKIX path building failed: sun.security.provider.certpath.SunCertPathBuilderException: unable to find valid certification path to requested target and 'parent.relativePath' points at no local POM @ line 5, column 10

org.apache.maven.project.ProjectBuildingException: Some problems were encountered while processing the POMs:
[FATAL] Non-resolvable parent POM for com.example:mavenProject:0.0.1-SNAPSHOT: The following artifacts could not be resolved: org.springframework.boot:spring-boot-starter-parent:pom:3.4.3 (absent): org.springframework.boot:spring-boot-starter-parent:pom:3.4.3 failed to transfer from https://repo.maven.apache.org/maven2 during a previous attempt. This failure was cached in the local repository and resolution is not reattempted until the update interval of central has elapsed or updates are forced. Original error: Could not transfer artifact org.springframework.boot:spring-boot-starter-parent:pom:3.4.3 from/to central (https://repo.maven.apache.org/maven2): (certificate_unknown) PKIX path building failed: sun.security.provider.certpath.SunCertPathBuilderException: unable to find valid certification path to requested target and 'parent.relativePath' points at no local POM @ line 5, column 10

	at org.eclipse.m2e.core.internal.IMavenToolbox.readMavenProjects(IMavenToolbox.java:140)
	at org.eclipse.m2e.core.internal.project.registry.ProjectRegistryManager.lambda$22(ProjectRegistryManager.java:943)
	at org.eclipse.m2e.core.internal.embedder.MavenExecutionContext.executeBare(MavenExecutionContext.java:458)
	at org.eclipse.m2e.core.internal.embedder.MavenExecutionContext.execute(MavenExecutionContext.java:339)
	at org.eclipse.m2e.core.internal.embedder.MavenExecutionContext.execute(MavenExecutionContext.java:278)
	at org.eclipse.m2e.core.internal.project.registry.ProjectRegistryManager.readProjectsWithDependencies(ProjectRegistryManager.java:939)
	at org.eclipse.m2e.core.internal.project.registry.ProjectRegistryManager.create(ProjectRegistryManager.java:219)
	at org.eclipse.m2e.core.internal.project.registry.MavenProjectManager.create(MavenProjectManager.java:105)
	at org.eclipse.m2e.internal.launch.MavenLaunchDelegate.readEnforcedJavaVersion(MavenLaunchDelegate.java:251)
	at org.eclipse.m2e.internal.launch.MavenLaunchDelegate.getVMInstall(MavenLaunchDelegate.java:224)
	at org.eclipse.jdt.launching.AbstractJavaLaunchConfigurationDelegate.verifyVMInstall(AbstractJavaLaunchConfigurationDelegate.java:203)
	at org.eclipse.jdt.launching.AbstractJavaLaunchConfigurationDelegate.getVMRunner(AbstractJavaLaunchConfigurationDelegate.java:1053)
	at org.eclipse.m2e.internal.launch.MavenLaunchDelegate.getVMRunner(MavenLaunchDelegate.java:154)
	at org.eclipse.jdt.launching.JavaLaunchDelegate.launch(JavaLaunchDelegate.java:175)
	at org.eclipse.m2e.internal.launch.MavenLaunchDelegate.launch(MavenLaunchDelegate.java:133)
	at org.eclipse.debug.internal.core.LaunchConfiguration.launch(LaunchConfiguration.java:777)
	at org.eclipse.debug.internal.core.LaunchConfiguration.launch(LaunchConfiguration.java:688)
	at org.eclipse.debug.internal.ui.DebugUIPlugin.buildAndLaunch(DebugUIPlugin.java:1054)
	at org.eclipse.debug.internal.ui.DebugUIPlugin$1.run(DebugUIPlugin.java:1257)
	at org.eclipse.core.internal.jobs.Worker.run(Worker.java:63)
2025-03-07 12:21:19,766 [Worker-1: Loading available Gradle versions] INFO  o.e.b.c.i.u.g.PublishedGradleVersions - Gradle version information cache is up-to-date. Trying to read.
2025-03-07 12:21:21,473 [Worker-5: reload maven project] INFO  o.e.m.c.i.e.AbstractTransferListenerAdapter - Downloaded https://repo.maven.apache.org/maven2/org/springframework/boot/spring-boot-starter-data-jpa/3.4.3/spring-boot-starter-data-jpa-3.4.3.pom
2025-03-07 12:21:21,473 [Worker-0: Updating Maven Dependencies] INFO  o.e.m.c.i.e.AbstractTransferListenerAdapter - Downloaded https://repo.maven.apache.org/maven2/org/apache/maven/plugins/maven-surefire-plugin/3.5.2/maven-surefire-plugin-3.5.2.jar
2025-03-07 12:21:21,684 [Worker-5: reload maven project] INFO  o.e.m.c.i.e.AbstractTransferListenerAdapter - Downloaded https://repo.maven.apache.org/maven2/org/springframework/boot/spring-boot-starter-web/3.4.3/spring-boot-starter-web-3.4.3.pom
2025-03-07 12:21:21,696 [Worker-0: Updating Maven Dependencies] INFO  o.e.m.c.i.e.AbstractTransferListenerAdapter - Downloaded https://repo.maven.apache.org/maven2/org/apache/maven/plugins/maven-jar-plugin/3.4.2/maven-jar-plugin-3.4.2.jar
2025-03-07 12:21:21,742 [Worker-0: Updating Maven Dependencies] INFO  o.e.m.c.i.e.AbstractTransferListenerAdapter - Downloaded https://repo.maven.apache.org/maven2/org/apache/maven/plugins/maven-install-plugin/3.1.3/maven-install-plugin-3.1.3.jar
2025-03-07 12:21:21,742 [Worker-5: reload maven project] INFO  o.e.m.c.i.e.AbstractTransferListenerAdapter - Downloaded https://repo.maven.apache.org/maven2/org/postgresql/postgresql/42.7.5/postgresql-42.7.5.pom
2025-03-07 12:21:21,787 [Worker-0: Updating Maven Dependencies] INFO  o.e.m.c.i.e.AbstractTransferListenerAdapter - Downloaded https://repo.maven.apache.org/maven2/org/apache/maven/plugins/maven-deploy-plugin/3.1.3/maven-deploy-plugin-3.1.3.jar
2025-03-07 12:21:21,787 [Worker-5: reload maven project] INFO  o.e.m.c.i.e.AbstractTransferListenerAdapter - Downloaded https://repo.maven.apache.org/maven2/org/springframework/boot/spring-boot-starter-test/3.4.3/spring-boot-starter-test-3.4.3.pom
2025-03-07 12:21:22,080 [Worker-0: Updating Maven Dependencies] INFO  o.e.m.c.i.l.LifecycleMappingFactory - Using org.eclipse.m2e.jdt.JarLifecycleMapping lifecycle mapping for MavenProject: com.example:mavenProject:0.0.1-SNAPSHOT @ C:\Users\venkat\Downloads\maven_proj1\pom.xml.
2025-03-07 12:21:22,283 [Worker-0: Updating Maven Dependencies] INFO  o.e.m.c.i.e.AbstractTransferListenerAdapter - Downloaded https://repo.maven.apache.org/maven2/org/apache/maven/plugins/maven-surefire-plugin/3.5.2/maven-surefire-plugin-3.5.2.pom
2025-03-07 12:21:22,344 [Worker-5: Updating Maven Project] INFO  o.e.m.c.i.p.ProjectConfigurationManager - Update started
2025-03-07 12:21:22,805 [Worker-5: Updating Maven Project] INFO  o.e.m.c.i.l.LifecycleMappingFactory - Using org.eclipse.m2e.jdt.JarLifecycleMapping lifecycle mapping for MavenProject: com.example:mavenProject:0.0.1-SNAPSHOT @ C:\Users\venkat\Downloads\maven_proj1\pom.xml.
2025-03-07 12:21:23,188 [Worker-5: Updating Maven Project] INFO  o.e.m.c.i.e.AbstractTransferListenerAdapter - Downloaded https://repo.maven.apache.org/maven2/org/apache/maven/plugins/maven-jar-plugin/3.4.2/maven-jar-plugin-3.4.2.pom
2025-03-07 12:21:23,191 [Worker-5: Updating Maven Project] INFO  o.e.m.c.i.p.ProjectConfigurationManager - Update completed for 1 poms: local refresh takes 0.00 sec, refresh facades takes 0.00 sec, update config takes 0.00 sec 
2025-03-07 12:21:23,206 [Worker-11: Updating Maven Project] INFO  o.e.m.c.i.p.ProjectConfigurationManager - Update started
2025-03-07 12:21:23,831 [Worker-9: Download sources and javadoc] INFO  o.e.m.c.i.e.AbstractTransferListenerAdapter - Downloaded https://repo.maven.apache.org/maven2/org/springframework/boot/spring-boot-starter-data-jpa/3.4.3/spring-boot-starter-data-jpa-3.4.3-sources.jar
2025-03-07 12:21:23,834 [Worker-9: Download sources and javadoc] ERROR o.e.m.j.internal.DownloadSourcesJob - Could not download sources for org.springframework.boot:spring-boot-starter-data-jpa:3.4.3
org.eclipse.core.runtime.CoreException: Could not resolve artifact org.springframework.boot:spring-boot-starter-data-jpa:jar:sources:3.4.3
	at org.eclipse.m2e.core.internal.embedder.MavenImpl.lambda$7(MavenImpl.java:540)
	at org.eclipse.m2e.core.internal.embedder.MavenExecutionContext.executeBare(MavenExecutionContext.java:458)
	at org.eclipse.m2e.core.internal.embedder.MavenExecutionContext.execute(MavenExecutionContext.java:292)
	at org.eclipse.m2e.core.internal.embedder.MavenExecutionContext.execute(MavenExecutionContext.java:278)
	at org.eclipse.m2e.core.internal.embedder.MavenImpl.resolve(MavenImpl.java:509)
	at org.eclipse.m2e.core.internal.embedder.MavenImpl.resolve(MavenImpl.java:494)
	at org.eclipse.m2e.jdt.internal.DownloadSourcesJob.download(DownloadSourcesJob.java:308)
	at org.eclipse.m2e.jdt.internal.DownloadSourcesJob.downloadAttachments(DownloadSourcesJob.java:282)
	at org.eclipse.m2e.jdt.internal.DownloadSourcesJob.downloadMaven(DownloadSourcesJob.java:252)
	at org.eclipse.m2e.jdt.internal.DownloadSourcesJob.downloadFilesAndPopulateToUpdate(DownloadSourcesJob.java:220)
	at org.eclipse.m2e.jdt.internal.DownloadSourcesJob.lambda$0(DownloadSourcesJob.java:149)
	at org.eclipse.m2e.core.internal.embedder.MavenExecutionContext.executeBare(MavenExecutionContext.java:458)
	at org.eclipse.m2e.core.internal.embedder.MavenExecutionContext.execute(MavenExecutionContext.java:339)
	at org.eclipse.m2e.core.internal.embedder.MavenExecutionContext.execute(MavenExecutionContext.java:278)
	at org.eclipse.m2e.core.embedder.IMaven.execute(IMaven.java:300)
	at org.eclipse.m2e.jdt.internal.DownloadSourcesJob.run(DownloadSourcesJob.java:149)
	at org.eclipse.core.internal.jobs.Worker.run(Worker.java:63)
2025-03-07 12:21:23,884 [Worker-11: Updating Maven Project] INFO  o.e.m.c.i.l.LifecycleMappingFactory - Using org.eclipse.m2e.jdt.JarLifecycleMapping lifecycle mapping for MavenProject: com.example:mavenProject:0.0.1-SNAPSHOT @ C:\Users\venkat\Downloads\maven_proj1\pom.xml.
2025-03-07 12:21:23,938 [Worker-11: Updating Maven Project] INFO  o.e.m.c.i.p.ProjectConfigurationManager - Update completed for 1 poms: local refresh takes 0.00 sec, refresh facades takes 0.00 sec, update config takes 0.00 sec 
2025-03-07 12:21:23,942 [Worker-7: Updating Maven Project] INFO  o.e.m.c.i.p.ProjectConfigurationManager - Update started
2025-03-07 12:21:23,977 [Worker-9: Download sources and javadoc] INFO  o.e.m.c.i.e.AbstractTransferListenerAdapter - Downloaded https://repo.maven.apache.org/maven2/org/springframework/boot/spring-boot-starter-web/3.4.3/spring-boot-starter-web-3.4.3-sources.jar
2025-03-07 12:21:23,979 [Worker-9: Download sources and javadoc] ERROR o.e.m.j.internal.DownloadSourcesJob - Could not download sources for org.springframework.boot:spring-boot-starter-web:3.4.3
org.eclipse.core.runtime.CoreException: Could not resolve artifact org.springframework.boot:spring-boot-starter-web:jar:sources:3.4.3
	at org.eclipse.m2e.core.internal.embedder.MavenImpl.lambda$7(MavenImpl.java:540)
	at org.eclipse.m2e.core.internal.embedder.MavenExecutionContext.executeBare(MavenExecutionContext.java:458)
	at org.eclipse.m2e.core.internal.embedder.MavenExecutionContext.execute(MavenExecutionContext.java:292)
	at org.eclipse.m2e.core.internal.embedder.MavenExecutionContext.execute(MavenExecutionContext.java:278)
	at org.eclipse.m2e.core.internal.embedder.MavenImpl.resolve(MavenImpl.java:509)
	at org.eclipse.m2e.core.internal.embedder.MavenImpl.resolve(MavenImpl.java:494)
	at org.eclipse.m2e.jdt.internal.DownloadSourcesJob.download(DownloadSourcesJob.java:308)
	at org.eclipse.m2e.jdt.internal.DownloadSourcesJob.downloadAttachments(DownloadSourcesJob.java:282)
	at org.eclipse.m2e.jdt.internal.DownloadSourcesJob.downloadMaven(DownloadSourcesJob.java:252)
	at org.eclipse.m2e.jdt.internal.DownloadSourcesJob.downloadFilesAndPopulateToUpdate(DownloadSourcesJob.java:220)
	at org.eclipse.m2e.jdt.internal.DownloadSourcesJob.lambda$0(DownloadSourcesJob.java:149)
	at org.eclipse.m2e.core.internal.embedder.MavenExecutionContext.executeBare(MavenExecutionContext.java:458)
	at org.eclipse.m2e.core.internal.embedder.MavenExecutionContext.execute(MavenExecutionContext.java:339)
	at org.eclipse.m2e.core.internal.embedder.MavenExecutionContext.execute(MavenExecutionContext.java:278)
	at org.eclipse.m2e.core.embedder.IMaven.execute(IMaven.java:300)
	at org.eclipse.m2e.jdt.internal.DownloadSourcesJob.run(DownloadSourcesJob.java:149)
	at org.eclipse.core.internal.jobs.Worker.run(Worker.java:63)
2025-03-07 12:21:24,420 [Worker-7: Updating Maven Project] INFO  o.e.m.c.i.l.LifecycleMappingFactory - Using org.eclipse.m2e.jdt.JarLifecycleMapping lifecycle mapping for MavenProject: com.example:mavenProject:0.0.1-SNAPSHOT @ C:\Users\venkat\Downloads\maven_proj1\pom.xml.
2025-03-07 12:21:24,424 [Worker-9: Download sources and javadoc] INFO  o.e.m.c.i.e.AbstractTransferListenerAdapter - Downloaded https://repo.maven.apache.org/maven2/org/postgresql/postgresql/42.7.5/postgresql-42.7.5-sources.jar
2025-03-07 12:21:24,429 [Worker-9: Download sources and javadoc] ERROR o.e.m.j.internal.DownloadSourcesJob - Could not download sources for org.postgresql:postgresql:42.7.5
org.eclipse.core.runtime.CoreException: Could not resolve artifact org.postgresql:postgresql:jar:sources:42.7.5
	at org.eclipse.m2e.core.internal.embedder.MavenImpl.lambda$7(MavenImpl.java:540)
	at org.eclipse.m2e.core.internal.embedder.MavenExecutionContext.executeBare(MavenExecutionContext.java:458)
	at org.eclipse.m2e.core.internal.embedder.MavenExecutionContext.execute(MavenExecutionContext.java:292)
	at org.eclipse.m2e.core.internal.embedder.MavenExecutionContext.execute(MavenExecutionContext.java:278)
	at org.eclipse.m2e.core.internal.embedder.MavenImpl.resolve(MavenImpl.java:509)
	at org.eclipse.m2e.core.internal.embedder.MavenImpl.resolve(MavenImpl.java:494)
	at org.eclipse.m2e.jdt.internal.DownloadSourcesJob.download(DownloadSourcesJob.java:308)
	at org.eclipse.m2e.jdt.internal.DownloadSourcesJob.downloadAttachments(DownloadSourcesJob.java:282)
	at org.eclipse.m2e.jdt.internal.DownloadSourcesJob.downloadMaven(DownloadSourcesJob.java:252)
	at org.eclipse.m2e.jdt.internal.DownloadSourcesJob.downloadFilesAndPopulateToUpdate(DownloadSourcesJob.java:220)
	at org.eclipse.m2e.jdt.internal.DownloadSourcesJob.lambda$0(DownloadSourcesJob.java:149)
	at org.eclipse.m2e.core.internal.embedder.MavenExecutionContext.executeBare(MavenExecutionContext.java:458)
	at org.eclipse.m2e.core.internal.embedder.MavenExecutionContext.execute(MavenExecutionContext.java:339)
	at org.eclipse.m2e.core.internal.embedder.MavenExecutionContext.execute(MavenExecutionContext.java:278)
	at org.eclipse.m2e.core.embedder.IMaven.execute(IMaven.java:300)
	at org.eclipse.m2e.jdt.internal.DownloadSourcesJob.run(DownloadSourcesJob.java:149)
	at org.eclipse.core.internal.jobs.Worker.run(Worker.java:63)
2025-03-07 12:21:24,471 [Worker-7: Updating Maven Project] INFO  o.e.m.c.i.p.ProjectConfigurationManager - Update completed for 1 poms: local refresh takes 0.00 sec, refresh facades takes 0.00 sec, update config takes 0.00 sec 
2025-03-07 12:21:24,475 [Worker-12: Updating Maven Project] INFO  o.e.m.c.i.p.ProjectConfigurationManager - Update started
2025-03-07 12:21:24,731 [Worker-9: Download sources and javadoc] INFO  o.e.m.c.i.e.AbstractTransferListenerAdapter - Downloaded https://repo.maven.apache.org/maven2/org/springframework/boot/spring-boot-starter-test/3.4.3/spring-boot-starter-test-3.4.3-sources.jar
2025-03-07 12:21:24,736 [Worker-9: Download sources and javadoc] ERROR o.e.m.j.internal.DownloadSourcesJob - Could not download sources for org.springframework.boot:spring-boot-starter-test:3.4.3
org.eclipse.core.runtime.CoreException: Could not resolve artifact org.springframework.boot:spring-boot-starter-test:jar:sources:3.4.3
	at org.eclipse.m2e.core.internal.embedder.MavenImpl.lambda$7(MavenImpl.java:540)
	at org.eclipse.m2e.core.internal.embedder.MavenExecutionContext.executeBare(MavenExecutionContext.java:458)
	at org.eclipse.m2e.core.internal.embedder.MavenExecutionContext.execute(MavenExecutionContext.java:292)
	at org.eclipse.m2e.core.internal.embedder.MavenExecutionContext.execute(MavenExecutionContext.java:278)
	at org.eclipse.m2e.core.internal.embedder.MavenImpl.resolve(MavenImpl.java:509)
	at org.eclipse.m2e.core.internal.embedder.MavenImpl.resolve(MavenImpl.java:494)
	at org.eclipse.m2e.jdt.internal.DownloadSourcesJob.download(DownloadSourcesJob.java:308)
	at org.eclipse.m2e.jdt.internal.DownloadSourcesJob.downloadAttachments(DownloadSourcesJob.java:282)
	at org.eclipse.m2e.jdt.internal.DownloadSourcesJob.downloadMaven(DownloadSourcesJob.java:252)
	at org.eclipse.m2e.jdt.internal.DownloadSourcesJob.downloadFilesAndPopulateToUpdate(DownloadSourcesJob.java:220)
	at org.eclipse.m2e.jdt.internal.DownloadSourcesJob.lambda$0(DownloadSourcesJob.java:149)
	at org.eclipse.m2e.core.internal.embedder.MavenExecutionContext.executeBare(MavenExecutionContext.java:458)
	at org.eclipse.m2e.core.internal.embedder.MavenExecutionContext.execute(MavenExecutionContext.java:339)
	at org.eclipse.m2e.core.internal.embedder.MavenExecutionContext.execute(MavenExecutionContext.java:278)
	at org.eclipse.m2e.core.embedder.IMaven.execute(IMaven.java:300)
	at org.eclipse.m2e.jdt.internal.DownloadSourcesJob.run(DownloadSourcesJob.java:149)
	at org.eclipse.core.internal.jobs.Worker.run(Worker.java:63)
2025-03-07 12:21:24,966 [Worker-12: Updating Maven Project] INFO  o.e.m.c.i.l.LifecycleMappingFactory - Using org.eclipse.m2e.jdt.JarLifecycleMapping lifecycle mapping for MavenProject: com.example:mavenProject:0.0.1-SNAPSHOT @ C:\Users\venkat\Downloads\maven_proj1\pom.xml.
2025-03-07 12:21:25,022 [Worker-12: Updating Maven Project] INFO  o.e.m.c.i.p.ProjectConfigurationManager - Update completed for 1 poms: local refresh takes 0.00 sec, refresh facades takes 0.00 sec, update config takes 0.00 sec 
2025-03-07 12:21:26,076 [Worker-12: Download sources and javadoc] INFO  o.e.m.c.i.e.AbstractTransferListenerAdapter - Downloaded https://repo.maven.apache.org/maven2/org/springframework/boot/spring-boot-starter-data-jpa/3.4.3/spring-boot-starter-data-jpa-3.4.3-javadoc.jar
2025-03-07 12:21:26,079 [Worker-12: Download sources and javadoc] ERROR o.e.m.j.internal.DownloadSourcesJob - Could not download javadoc for org.springframework.boot:spring-boot-starter-data-jpa:3.4.3
org.eclipse.core.runtime.CoreException: Could not resolve artifact org.springframework.boot:spring-boot-starter-data-jpa:jar:javadoc:3.4.3
	at org.eclipse.m2e.core.internal.embedder.MavenImpl.lambda$7(MavenImpl.java:540)
	at org.eclipse.m2e.core.internal.embedder.MavenExecutionContext.executeBare(MavenExecutionContext.java:458)
	at org.eclipse.m2e.core.internal.embedder.MavenExecutionContext.execute(MavenExecutionContext.java:292)
	at org.eclipse.m2e.core.internal.embedder.MavenExecutionContext.execute(MavenExecutionContext.java:278)
	at org.eclipse.m2e.core.internal.embedder.MavenImpl.resolve(MavenImpl.java:509)
	at org.eclipse.m2e.core.internal.embedder.MavenImpl.resolve(MavenImpl.java:494)
	at org.eclipse.m2e.jdt.internal.DownloadSourcesJob.download(DownloadSourcesJob.java:308)
	at org.eclipse.m2e.jdt.internal.DownloadSourcesJob.downloadAttachments(DownloadSourcesJob.java:294)
	at org.eclipse.m2e.jdt.internal.DownloadSourcesJob.downloadMaven(DownloadSourcesJob.java:252)
	at org.eclipse.m2e.jdt.internal.DownloadSourcesJob.downloadFilesAndPopulateToUpdate(DownloadSourcesJob.java:220)
	at org.eclipse.m2e.jdt.internal.DownloadSourcesJob.lambda$0(DownloadSourcesJob.java:149)
	at org.eclipse.m2e.core.internal.embedder.MavenExecutionContext.executeBare(MavenExecutionContext.java:458)
	at org.eclipse.m2e.core.internal.embedder.MavenExecutionContext.execute(MavenExecutionContext.java:339)
	at org.eclipse.m2e.core.internal.embedder.MavenExecutionContext.execute(MavenExecutionContext.java:278)
	at org.eclipse.m2e.core.embedder.IMaven.execute(IMaven.java:300)
	at org.eclipse.m2e.jdt.internal.DownloadSourcesJob.run(DownloadSourcesJob.java:149)
	at org.eclipse.core.internal.jobs.Worker.run(Worker.java:63)
2025-03-07 12:21:26,252 [Worker-12: Download sources and javadoc] INFO  o.e.m.c.i.e.AbstractTransferListenerAdapter - Downloaded https://repo.maven.apache.org/maven2/org/springframework/boot/spring-boot-starter-web/3.4.3/spring-boot-starter-web-3.4.3-javadoc.jar
2025-03-07 12:21:26,254 [Worker-12: Download sources and javadoc] ERROR o.e.m.j.internal.DownloadSourcesJob - Could not download javadoc for org.springframework.boot:spring-boot-starter-web:3.4.3
org.eclipse.core.runtime.CoreException: Could not resolve artifact org.springframework.boot:spring-boot-starter-web:jar:javadoc:3.4.3
	at org.eclipse.m2e.core.internal.embedder.MavenImpl.lambda$7(MavenImpl.java:540)
	at org.eclipse.m2e.core.internal.embedder.MavenExecutionContext.executeBare(MavenExecutionContext.java:458)
	at org.eclipse.m2e.core.internal.embedder.MavenExecutionContext.execute(MavenExecutionContext.java:292)
	at org.eclipse.m2e.core.internal.embedder.MavenExecutionContext.execute(MavenExecutionContext.java:278)
	at org.eclipse.m2e.core.internal.embedder.MavenImpl.resolve(MavenImpl.java:509)
	at org.eclipse.m2e.core.internal.embedder.MavenImpl.resolve(MavenImpl.java:494)
	at org.eclipse.m2e.jdt.internal.DownloadSourcesJob.download(DownloadSourcesJob.java:308)
	at org.eclipse.m2e.jdt.internal.DownloadSourcesJob.downloadAttachments(DownloadSourcesJob.java:294)
	at org.eclipse.m2e.jdt.internal.DownloadSourcesJob.downloadMaven(DownloadSourcesJob.java:252)
	at org.eclipse.m2e.jdt.internal.DownloadSourcesJob.downloadFilesAndPopulateToUpdate(DownloadSourcesJob.java:220)
	at org.eclipse.m2e.jdt.internal.DownloadSourcesJob.lambda$0(DownloadSourcesJob.java:149)
	at org.eclipse.m2e.core.internal.embedder.MavenExecutionContext.executeBare(MavenExecutionContext.java:458)
	at org.eclipse.m2e.core.internal.embedder.MavenExecutionContext.execute(MavenExecutionContext.java:339)
	at org.eclipse.m2e.core.internal.embedder.MavenExecutionContext.execute(MavenExecutionContext.java:278)
	at org.eclipse.m2e.core.embedder.IMaven.execute(IMaven.java:300)
	at org.eclipse.m2e.jdt.internal.DownloadSourcesJob.run(DownloadSourcesJob.java:149)
	at org.eclipse.core.internal.jobs.Worker.run(Worker.java:63)
2025-03-07 12:21:26,425 [Worker-12: Download sources and javadoc] INFO  o.e.m.c.i.e.AbstractTransferListenerAdapter - Downloaded https://repo.maven.apache.org/maven2/org/postgresql/postgresql/42.7.5/postgresql-42.7.5-javadoc.jar
2025-03-07 12:21:26,428 [Worker-12: Download sources and javadoc] ERROR o.e.m.j.internal.DownloadSourcesJob - Could not download javadoc for org.postgresql:postgresql:42.7.5
org.eclipse.core.runtime.CoreException: Could not resolve artifact org.postgresql:postgresql:jar:javadoc:42.7.5
	at org.eclipse.m2e.core.internal.embedder.MavenImpl.lambda$7(MavenImpl.java:540)
	at org.eclipse.m2e.core.internal.embedder.MavenExecutionContext.executeBare(MavenExecutionContext.java:458)
	at org.eclipse.m2e.core.internal.embedder.MavenExecutionContext.execute(MavenExecutionContext.java:292)
	at org.eclipse.m2e.core.internal.embedder.MavenExecutionContext.execute(MavenExecutionContext.java:278)
	at org.eclipse.m2e.core.internal.embedder.MavenImpl.resolve(MavenImpl.java:509)
	at org.eclipse.m2e.core.internal.embedder.MavenImpl.resolve(MavenImpl.java:494)
	at org.eclipse.m2e.jdt.internal.DownloadSourcesJob.download(DownloadSourcesJob.java:308)
	at org.eclipse.m2e.jdt.internal.DownloadSourcesJob.downloadAttachments(DownloadSourcesJob.java:294)
	at org.eclipse.m2e.jdt.internal.DownloadSourcesJob.downloadMaven(DownloadSourcesJob.java:252)
	at org.eclipse.m2e.jdt.internal.DownloadSourcesJob.downloadFilesAndPopulateToUpdate(DownloadSourcesJob.java:220)
	at org.eclipse.m2e.jdt.internal.DownloadSourcesJob.lambda$0(DownloadSourcesJob.java:149)
	at org.eclipse.m2e.core.internal.embedder.MavenExecutionContext.executeBare(MavenExecutionContext.java:458)
	at org.eclipse.m2e.core.internal.embedder.MavenExecutionContext.execute(MavenExecutionContext.java:339)
	at org.eclipse.m2e.core.internal.embedder.MavenExecutionContext.execute(MavenExecutionContext.java:278)
	at org.eclipse.m2e.core.embedder.IMaven.execute(IMaven.java:300)
	at org.eclipse.m2e.jdt.internal.DownloadSourcesJob.run(DownloadSourcesJob.java:149)
	at org.eclipse.core.internal.jobs.Worker.run(Worker.java:63)
2025-03-07 12:21:26,608 [Worker-12: Download sources and javadoc] INFO  o.e.m.c.i.e.AbstractTransferListenerAdapter - Downloaded https://repo.maven.apache.org/maven2/org/springframework/boot/spring-boot-starter-test/3.4.3/spring-boot-starter-test-3.4.3-javadoc.jar
2025-03-07 12:21:26,610 [Worker-12: Download sources and javadoc] ERROR o.e.m.j.internal.DownloadSourcesJob - Could not download javadoc for org.springframework.boot:spring-boot-starter-test:3.4.3
org.eclipse.core.runtime.CoreException: Could not resolve artifact org.springframework.boot:spring-boot-starter-test:jar:javadoc:3.4.3
	at org.eclipse.m2e.core.internal.embedder.MavenImpl.lambda$7(MavenImpl.java:540)
	at org.eclipse.m2e.core.internal.embedder.MavenExecutionContext.executeBare(MavenExecutionContext.java:458)
	at org.eclipse.m2e.core.internal.embedder.MavenExecutionContext.execute(MavenExecutionContext.java:292)
	at org.eclipse.m2e.core.internal.embedder.MavenExecutionContext.execute(MavenExecutionContext.java:278)
	at org.eclipse.m2e.core.internal.embedder.MavenImpl.resolve(MavenImpl.java:509)
	at org.eclipse.m2e.core.internal.embedder.MavenImpl.resolve(MavenImpl.java:494)
	at org.eclipse.m2e.jdt.internal.DownloadSourcesJob.download(DownloadSourcesJob.java:308)
	at org.eclipse.m2e.jdt.internal.DownloadSourcesJob.downloadAttachments(DownloadSourcesJob.java:294)
	at org.eclipse.m2e.jdt.internal.DownloadSourcesJob.downloadMaven(DownloadSourcesJob.java:252)
	at org.eclipse.m2e.jdt.internal.DownloadSourcesJob.downloadFilesAndPopulateToUpdate(DownloadSourcesJob.java:220)
	at org.eclipse.m2e.jdt.internal.DownloadSourcesJob.lambda$0(DownloadSourcesJob.java:149)
	at org.eclipse.m2e.core.internal.embedder.MavenExecutionContext.executeBare(MavenExecutionContext.java:458)
	at org.eclipse.m2e.core.internal.embedder.MavenExecutionContext.execute(MavenExecutionContext.java:339)
	at org.eclipse.m2e.core.internal.embedder.MavenExecutionContext.execute(MavenExecutionContext.java:278)
	at org.eclipse.m2e.core.embedder.IMaven.execute(IMaven.java:300)
	at org.eclipse.m2e.jdt.internal.DownloadSourcesJob.run(DownloadSourcesJob.java:149)
	at org.eclipse.core.internal.jobs.Worker.run(Worker.java:63)
2025-03-07 12:23:18,686 [Worker-12: Launching mavenrun-b67c6ff2-6da4-42a9-b134-604235cc59df] INFO  o.eclipse.m2e.core.internal.Bundles - getClasspathEntries(Bundle=org.eclipse.m2e.maven.runtime_3.9.900.20240824-1409 [300])
2025-03-07 12:23:18,688 [Worker-12: Launching mavenrun-b67c6ff2-6da4-42a9-b134-604235cc59df] INFO  o.eclipse.m2e.core.internal.Bundles - 	Entry: C:\Users\venkat\.p2\pool\plugins\org.eclipse.m2e.maven.runtime_3.9.900.20240824-1409
2025-03-07 12:23:18,688 [Worker-12: Launching mavenrun-b67c6ff2-6da4-42a9-b134-604235cc59df] INFO  o.eclipse.m2e.core.internal.Bundles - 	Entry: C:\Users\venkat\.p2\pool\plugins\org.eclipse.m2e.maven.runtime_3.9.900.20240824-1409\jars\aopalliance-1.0.jar
2025-03-07 12:23:18,689 [Worker-12: Launching mavenrun-b67c6ff2-6da4-42a9-b134-604235cc59df] INFO  o.eclipse.m2e.core.internal.Bundles - 	Entry: C:\Users\venkat\.p2\pool\plugins\org.eclipse.m2e.maven.runtime_3.9.900.20240824-1409\jars\guice-5.1.0.jar
2025-03-07 12:23:18,689 [Worker-12: Launching mavenrun-b67c6ff2-6da4-42a9-b134-604235cc59df] INFO  o.eclipse.m2e.core.internal.Bundles - 	Entry: C:\Users\venkat\.p2\pool\plugins\org.eclipse.m2e.maven.runtime_3.9.900.20240824-1409\jars\httpclient-4.5.14.jar
2025-03-07 12:23:18,689 [Worker-12: Launching mavenrun-b67c6ff2-6da4-42a9-b134-604235cc59df] INFO  o.eclipse.m2e.core.internal.Bundles - 	Entry: C:\Users\venkat\.p2\pool\plugins\org.eclipse.m2e.maven.runtime_3.9.900.20240824-1409\jars\httpcore-4.4.16.jar
2025-03-07 12:23:18,689 [Worker-12: Launching mavenrun-b67c6ff2-6da4-42a9-b134-604235cc59df] INFO  o.eclipse.m2e.core.internal.Bundles - 	Entry: C:\Users\venkat\.p2\pool\plugins\org.eclipse.m2e.maven.runtime_3.9.900.20240824-1409\jars\jansi-2.4.1.jar
2025-03-07 12:23:18,689 [Worker-12: Launching mavenrun-b67c6ff2-6da4-42a9-b134-604235cc59df] INFO  o.eclipse.m2e.core.internal.Bundles - 	Entry: C:\Users\venkat\.p2\pool\plugins\org.eclipse.m2e.maven.runtime_3.9.900.20240824-1409\jars\jcl-over-slf4j-1.7.36.jar
2025-03-07 12:23:18,689 [Worker-12: Launching mavenrun-b67c6ff2-6da4-42a9-b134-604235cc59df] INFO  o.eclipse.m2e.core.internal.Bundles - 	Entry: C:\Users\venkat\.p2\pool\plugins\org.eclipse.m2e.maven.runtime_3.9.900.20240824-1409\jars\maven-artifact-3.9.9.jar
2025-03-07 12:23:18,690 [Worker-12: Launching mavenrun-b67c6ff2-6da4-42a9-b134-604235cc59df] INFO  o.eclipse.m2e.core.internal.Bundles - 	Entry: C:\Users\venkat\.p2\pool\plugins\org.eclipse.m2e.maven.runtime_3.9.900.20240824-1409\jars\maven-builder-support-3.9.9.jar
2025-03-07 12:23:18,690 [Worker-12: Launching mavenrun-b67c6ff2-6da4-42a9-b134-604235cc59df] INFO  o.eclipse.m2e.core.internal.Bundles - 	Entry: C:\Users\venkat\.p2\pool\plugins\org.eclipse.m2e.maven.runtime_3.9.900.20240824-1409\jars\maven-compat-3.9.9.jar
2025-03-07 12:23:18,690 [Worker-12: Launching mavenrun-b67c6ff2-6da4-42a9-b134-604235cc59df] INFO  o.eclipse.m2e.core.internal.Bundles - 	Entry: C:\Users\venkat\.p2\pool\plugins\org.eclipse.m2e.maven.runtime_3.9.900.20240824-1409\jars\maven-core-3.9.9.jar
2025-03-07 12:23:18,690 [Worker-12: Launching mavenrun-b67c6ff2-6da4-42a9-b134-604235cc59df] INFO  o.eclipse.m2e.core.internal.Bundles - 	Entry: C:\Users\venkat\.p2\pool\plugins\org.eclipse.m2e.maven.runtime_3.9.900.20240824-1409\jars\maven-embedder-3.9.9.jar
2025-03-07 12:23:18,690 [Worker-12: Launching mavenrun-b67c6ff2-6da4-42a9-b134-604235cc59df] INFO  o.eclipse.m2e.core.internal.Bundles - 	Entry: C:\Users\venkat\.p2\pool\plugins\org.eclipse.m2e.maven.runtime_3.9.900.20240824-1409\jars\maven-model-3.9.9.jar
2025-03-07 12:23:18,691 [Worker-12: Launching mavenrun-b67c6ff2-6da4-42a9-b134-604235cc59df] INFO  o.eclipse.m2e.core.internal.Bundles - 	Entry: C:\Users\venkat\.p2\pool\plugins\org.eclipse.m2e.maven.runtime_3.9.900.20240824-1409\jars\maven-model-builder-3.9.9.jar
2025-03-07 12:23:18,691 [Worker-12: Launching mavenrun-b67c6ff2-6da4-42a9-b134-604235cc59df] INFO  o.eclipse.m2e.core.internal.Bundles - 	Entry: C:\Users\venkat\.p2\pool\plugins\org.eclipse.m2e.maven.runtime_3.9.900.20240824-1409\jars\maven-plugin-api-3.9.9.jar
2025-03-07 12:23:18,691 [Worker-12: Launching mavenrun-b67c6ff2-6da4-42a9-b134-604235cc59df] INFO  o.eclipse.m2e.core.internal.Bundles - 	Entry: C:\Users\venkat\.p2\pool\plugins\org.eclipse.m2e.maven.runtime_3.9.900.20240824-1409\jars\maven-repository-metadata-3.9.9.jar
2025-03-07 12:23:18,691 [Worker-12: Launching mavenrun-b67c6ff2-6da4-42a9-b134-604235cc59df] INFO  o.eclipse.m2e.core.internal.Bundles - 	Entry: C:\Users\venkat\.p2\pool\plugins\org.eclipse.m2e.maven.runtime_3.9.900.20240824-1409\jars\maven-resolver-api-1.9.22.jar
2025-03-07 12:23:18,692 [Worker-12: Launching mavenrun-b67c6ff2-6da4-42a9-b134-604235cc59df] INFO  o.eclipse.m2e.core.internal.Bundles - 	Entry: C:\Users\venkat\.p2\pool\plugins\org.eclipse.m2e.maven.runtime_3.9.900.20240824-1409\jars\maven-resolver-connector-basic-1.9.22.jar
2025-03-07 12:23:18,692 [Worker-12: Launching mavenrun-b67c6ff2-6da4-42a9-b134-604235cc59df] INFO  o.eclipse.m2e.core.internal.Bundles - 	Entry: C:\Users\venkat\.p2\pool\plugins\org.eclipse.m2e.maven.runtime_3.9.900.20240824-1409\jars\maven-resolver-impl-1.9.22.jar
2025-03-07 12:23:18,692 [Worker-12: Launching mavenrun-b67c6ff2-6da4-42a9-b134-604235cc59df] INFO  o.eclipse.m2e.core.internal.Bundles - 	Entry: C:\Users\venkat\.p2\pool\plugins\org.eclipse.m2e.maven.runtime_3.9.900.20240824-1409\jars\maven-resolver-named-locks-1.9.22.jar
2025-03-07 12:23:18,692 [Worker-12: Launching mavenrun-b67c6ff2-6da4-42a9-b134-604235cc59df] INFO  o.eclipse.m2e.core.internal.Bundles - 	Entry: C:\Users\venkat\.p2\pool\plugins\org.eclipse.m2e.maven.runtime_3.9.900.20240824-1409\jars\maven-resolver-provider-3.9.9.jar
2025-03-07 12:23:18,692 [Worker-12: Launching mavenrun-b67c6ff2-6da4-42a9-b134-604235cc59df] INFO  o.eclipse.m2e.core.internal.Bundles - 	Entry: C:\Users\venkat\.p2\pool\plugins\org.eclipse.m2e.maven.runtime_3.9.900.20240824-1409\jars\maven-resolver-spi-1.9.22.jar
2025-03-07 12:23:18,693 [Worker-12: Launching mavenrun-b67c6ff2-6da4-42a9-b134-604235cc59df] INFO  o.eclipse.m2e.core.internal.Bundles - 	Entry: C:\Users\venkat\.p2\pool\plugins\org.eclipse.m2e.maven.runtime_3.9.900.20240824-1409\jars\maven-resolver-transport-file-1.9.22.jar
2025-03-07 12:23:18,693 [Worker-12: Launching mavenrun-b67c6ff2-6da4-42a9-b134-604235cc59df] INFO  o.eclipse.m2e.core.internal.Bundles - 	Entry: C:\Users\venkat\.p2\pool\plugins\org.eclipse.m2e.maven.runtime_3.9.900.20240824-1409\jars\maven-resolver-transport-http-1.9.22.jar
2025-03-07 12:23:18,693 [Worker-12: Launching mavenrun-b67c6ff2-6da4-42a9-b134-604235cc59df] INFO  o.eclipse.m2e.core.internal.Bundles - 	Entry: C:\Users\venkat\.p2\pool\plugins\org.eclipse.m2e.maven.runtime_3.9.900.20240824-1409\jars\maven-resolver-transport-wagon-1.9.22.jar
2025-03-07 12:23:18,694 [Worker-12: Launching mavenrun-b67c6ff2-6da4-42a9-b134-604235cc59df] INFO  o.eclipse.m2e.core.internal.Bundles - 	Entry: C:\Users\venkat\.p2\pool\plugins\org.eclipse.m2e.maven.runtime_3.9.900.20240824-1409\jars\maven-resolver-util-1.9.22.jar
2025-03-07 12:23:18,694 [Worker-12: Launching mavenrun-b67c6ff2-6da4-42a9-b134-604235cc59df] INFO  o.eclipse.m2e.core.internal.Bundles - 	Entry: C:\Users\venkat\.p2\pool\plugins\org.eclipse.m2e.maven.runtime_3.9.900.20240824-1409\jars\maven-settings-3.9.9.jar
2025-03-07 12:23:18,694 [Worker-12: Launching mavenrun-b67c6ff2-6da4-42a9-b134-604235cc59df] INFO  o.eclipse.m2e.core.internal.Bundles - 	Entry: C:\Users\venkat\.p2\pool\plugins\org.eclipse.m2e.maven.runtime_3.9.900.20240824-1409\jars\maven-settings-builder-3.9.9.jar
2025-03-07 12:23:18,694 [Worker-12: Launching mavenrun-b67c6ff2-6da4-42a9-b134-604235cc59df] INFO  o.eclipse.m2e.core.internal.Bundles - 	Entry: C:\Users\venkat\.p2\pool\plugins\org.eclipse.m2e.maven.runtime_3.9.900.20240824-1409\jars\maven-shared-utils-3.4.2.jar
2025-03-07 12:23:18,694 [Worker-12: Launching mavenrun-b67c6ff2-6da4-42a9-b134-604235cc59df] INFO  o.eclipse.m2e.core.internal.Bundles - 	Entry: C:\Users\venkat\.p2\pool\plugins\org.eclipse.m2e.maven.runtime_3.9.900.20240824-1409\jars\org.eclipse.sisu.inject-0.9.0.M3.jar
2025-03-07 12:23:18,694 [Worker-12: Launching mavenrun-b67c6ff2-6da4-42a9-b134-604235cc59df] INFO  o.eclipse.m2e.core.internal.Bundles - 	Entry: C:\Users\venkat\.p2\pool\plugins\org.eclipse.m2e.maven.runtime_3.9.900.20240824-1409\jars\org.eclipse.sisu.plexus-0.9.0.M3.jar
2025-03-07 12:23:18,695 [Worker-12: Launching mavenrun-b67c6ff2-6da4-42a9-b134-604235cc59df] INFO  o.eclipse.m2e.core.internal.Bundles - 	Entry: C:\Users\venkat\.p2\pool\plugins\org.eclipse.m2e.maven.runtime_3.9.900.20240824-1409\jars\plexus-build-api-0.0.7.jar
2025-03-07 12:23:18,695 [Worker-12: Launching mavenrun-b67c6ff2-6da4-42a9-b134-604235cc59df] INFO  o.eclipse.m2e.core.internal.Bundles - 	Entry: C:\Users\venkat\.p2\pool\plugins\org.eclipse.m2e.maven.runtime_3.9.900.20240824-1409\jars\plexus-build-api-1.2.0.jar
2025-03-07 12:23:18,695 [Worker-12: Launching mavenrun-b67c6ff2-6da4-42a9-b134-604235cc59df] INFO  o.eclipse.m2e.core.internal.Bundles - 	Entry: C:\Users\venkat\.p2\pool\plugins\org.eclipse.m2e.maven.runtime_3.9.900.20240824-1409\jars\plexus-cipher-2.0.jar
2025-03-07 12:23:18,695 [Worker-12: Launching mavenrun-b67c6ff2-6da4-42a9-b134-604235cc59df] INFO  o.eclipse.m2e.core.internal.Bundles - 	Entry: C:\Users\venkat\.p2\pool\plugins\org.eclipse.m2e.maven.runtime_3.9.900.20240824-1409\jars\plexus-classworlds-2.8.0.jar
2025-03-07 12:23:18,695 [Worker-12: Launching mavenrun-b67c6ff2-6da4-42a9-b134-604235cc59df] INFO  o.eclipse.m2e.core.internal.Bundles - 	Entry: C:\Users\venkat\.p2\pool\plugins\org.eclipse.m2e.maven.runtime_3.9.900.20240824-1409\jars\plexus-component-annotations-2.1.0.jar
2025-03-07 12:23:18,696 [Worker-12: Launching mavenrun-b67c6ff2-6da4-42a9-b134-604235cc59df] INFO  o.eclipse.m2e.core.internal.Bundles - 	Entry: C:\Users\venkat\.p2\pool\plugins\org.eclipse.m2e.maven.runtime_3.9.900.20240824-1409\jars\plexus-interpolation-1.27.jar
2025-03-07 12:23:18,696 [Worker-12: Launching mavenrun-b67c6ff2-6da4-42a9-b134-604235cc59df] INFO  o.eclipse.m2e.core.internal.Bundles - 	Entry: C:\Users\venkat\.p2\pool\plugins\org.eclipse.m2e.maven.runtime_3.9.900.20240824-1409\jars\plexus-sec-dispatcher-2.0.jar
2025-03-07 12:23:18,696 [Worker-12: Launching mavenrun-b67c6ff2-6da4-42a9-b134-604235cc59df] INFO  o.eclipse.m2e.core.internal.Bundles - 	Entry: C:\Users\venkat\.p2\pool\plugins\org.eclipse.m2e.maven.runtime_3.9.900.20240824-1409\jars\plexus-utils-3.5.1.jar
2025-03-07 12:23:18,696 [Worker-12: Launching mavenrun-b67c6ff2-6da4-42a9-b134-604235cc59df] INFO  o.eclipse.m2e.core.internal.Bundles - 	Entry: C:\Users\venkat\.p2\pool\plugins\org.eclipse.m2e.maven.runtime_3.9.900.20240824-1409\jars\plexus-xml-3.0.1.jar
2025-03-07 12:23:18,696 [Worker-12: Launching mavenrun-b67c6ff2-6da4-42a9-b134-604235cc59df] INFO  o.eclipse.m2e.core.internal.Bundles - 	Entry: C:\Users\venkat\.p2\pool\plugins\org.eclipse.m2e.maven.runtime_3.9.900.20240824-1409\jars\wagon-file-3.5.3.jar
2025-03-07 12:23:18,697 [Worker-12: Launching mavenrun-b67c6ff2-6da4-42a9-b134-604235cc59df] INFO  o.eclipse.m2e.core.internal.Bundles - 	Entry: C:\Users\venkat\.p2\pool\plugins\org.eclipse.m2e.maven.runtime_3.9.900.20240824-1409\jars\wagon-http-3.5.3.jar
2025-03-07 12:23:18,698 [Worker-12: Launching mavenrun-b67c6ff2-6da4-42a9-b134-604235cc59df] INFO  o.eclipse.m2e.core.internal.Bundles - 	Entry: C:\Users\venkat\.p2\pool\plugins\org.eclipse.m2e.maven.runtime_3.9.900.20240824-1409\jars\wagon-http-shared-3.5.3.jar
2025-03-07 12:23:18,698 [Worker-12: Launching mavenrun-b67c6ff2-6da4-42a9-b134-604235cc59df] INFO  o.eclipse.m2e.core.internal.Bundles - 	Entry: C:\Users\venkat\.p2\pool\plugins\org.eclipse.m2e.maven.runtime_3.9.900.20240824-1409\jars\wagon-provider-api-3.5.3.jar
2025-03-07 12:23:18,700 [Worker-12: Launching mavenrun-b67c6ff2-6da4-42a9-b134-604235cc59df] INFO  o.eclipse.m2e.core.internal.Bundles - getClasspathEntries(Bundle=com.google.guava_33.3.1.jre [10])
2025-03-07 12:23:18,700 [Worker-12: Launching mavenrun-b67c6ff2-6da4-42a9-b134-604235cc59df] INFO  o.eclipse.m2e.core.internal.Bundles - 	Entry: C:\Users\venkat\.p2\pool\plugins\com.google.guava_33.3.1.jre.jar
2025-03-07 12:23:18,700 [Worker-12: Launching mavenrun-b67c6ff2-6da4-42a9-b134-604235cc59df] INFO  o.eclipse.m2e.core.internal.Bundles - getClasspathEntries(Bundle=slf4j.api_2.0.16 [524])
2025-03-07 12:23:18,700 [Worker-12: Launching mavenrun-b67c6ff2-6da4-42a9-b134-604235cc59df] INFO  o.eclipse.m2e.core.internal.Bundles - 	Entry: C:\Users\venkat\.p2\pool\plugins\slf4j.api_2.0.16.jar
2025-03-07 12:23:18,700 [Worker-12: Launching mavenrun-b67c6ff2-6da4-42a9-b134-604235cc59df] INFO  o.eclipse.m2e.core.internal.Bundles - getClasspathEntries(Bundle=jakarta.inject.jakarta.inject-api_1.0.5 [22])
2025-03-07 12:23:18,701 [Worker-12: Launching mavenrun-b67c6ff2-6da4-42a9-b134-604235cc59df] INFO  o.eclipse.m2e.core.internal.Bundles - 	Entry: C:\Users\venkat\.p2\pool\plugins\jakarta.inject.jakarta.inject-api_1.0.5.jar
2025-03-07 12:23:18,701 [Worker-12: Launching mavenrun-b67c6ff2-6da4-42a9-b134-604235cc59df] INFO  o.eclipse.m2e.core.internal.Bundles - getClasspathEntries(Bundle=jakarta.annotation-api_1.3.5 [20])
2025-03-07 12:23:18,701 [Worker-12: Launching mavenrun-b67c6ff2-6da4-42a9-b134-604235cc59df] INFO  o.eclipse.m2e.core.internal.Bundles - 	Entry: C:\Users\venkat\.p2\pool\plugins\jakarta.annotation-api_1.3.5.jar
2025-03-07 12:23:18,701 [Worker-12: Launching mavenrun-b67c6ff2-6da4-42a9-b134-604235cc59df] INFO  o.eclipse.m2e.core.internal.Bundles - getClasspathEntries(Bundle=org.apache.commons.cli_1.9.0 [47])
2025-03-07 12:23:18,701 [Worker-12: Launching mavenrun-b67c6ff2-6da4-42a9-b134-604235cc59df] INFO  o.eclipse.m2e.core.internal.Bundles - 	Entry: C:\Users\venkat\.p2\pool\plugins\org.apache.commons.cli_1.9.0.jar
2025-03-07 12:23:18,701 [Worker-12: Launching mavenrun-b67c6ff2-6da4-42a9-b134-604235cc59df] INFO  o.eclipse.m2e.core.internal.Bundles - getClasspathEntries(Bundle=org.apache.commons.commons-codec_1.16.0 [50])
2025-03-07 12:23:18,702 [Worker-12: Launching mavenrun-b67c6ff2-6da4-42a9-b134-604235cc59df] INFO  o.eclipse.m2e.core.internal.Bundles - 	Entry: C:\Users\venkat\.p2\pool\plugins\org.apache.commons.commons-codec_1.16.0.jar
2025-03-07 12:23:18,702 [Worker-12: Launching mavenrun-b67c6ff2-6da4-42a9-b134-604235cc59df] INFO  o.eclipse.m2e.core.internal.Bundles - getClasspathEntries(Bundle=com.google.guava.failureaccess_1.0.2 [11])
2025-03-07 12:23:18,702 [Worker-12: Launching mavenrun-b67c6ff2-6da4-42a9-b134-604235cc59df] INFO  o.eclipse.m2e.core.internal.Bundles - 	Entry: C:\Users\venkat\.p2\pool\plugins\com.google.guava.failureaccess_1.0.2.jar
2025-03-07 12:23:18,704 [Worker-12: Launching mavenrun-b67c6ff2-6da4-42a9-b134-604235cc59df] INFO  o.e.m.i.launch.MavenLaunchDelegate - Run build in "C:\Users\venkat\AppData\Local\Temp\m2e-archetypeGenerator9186469523221608982":
2025-03-07 12:23:18,708 [Worker-12: Launching mavenrun-b67c6ff2-6da4-42a9-b134-604235cc59df] INFO  o.e.m.i.launch.MavenLaunchDelegate -  mvn  -DarchetypeGroupId=org.apache.maven.archetypes -DarchetypeArtifactId=maven-archetype-quickstart -DarchetypeVersion=1.1 -DgroupId=maven_proj -DartifactId=com.questk2 -Dversion=0.0.1-SNAPSHOT -Dpackage=maven_proj.com.questk2 -DoutputDirectory=D:\egfolder\maven1a -Dstyle.color=always -U archetype:generate
2025-03-07 12:23:54,324 [Worker-14: Creating maven-archetype-quickstart] INFO  o.e.m.c.i.p.ProjectConfigurationManager - Collecting project info '/pom.xml' D:\egfolder\maven1a\com.questk2\pom.xml
2025-03-07 12:23:54,374 [Worker-14: Creating maven-archetype-quickstart] INFO  o.e.m.c.i.l.LifecycleMappingFactory - Using org.eclipse.m2e.jdt.JarLifecycleMapping lifecycle mapping for MavenProject: maven_proj:com.questk2:0.0.1-SNAPSHOT @ D:\egfolder\maven1a\com.questk2\pom.xml.
2025-03-07 12:23:54,756 [Worker-14: Creating maven-archetype-quickstart] INFO  o.e.m.c.i.e.AbstractTransferListenerAdapter - Downloaded https://repo.maven.apache.org/maven2/junit/junit/3.8.1/junit-3.8.1.pom
2025-03-07 12:23:55,286 [Worker-14: Creating maven-archetype-quickstart] INFO  o.e.m.j.i.AbstractJavaProjectConfigurator - Adding source folder /com.questk2/src/main/java
2025-03-07 12:23:55,288 [Worker-14: Creating maven-archetype-quickstart] INFO  o.e.m.j.i.AbstractJavaProjectConfigurator - Adding resource folder /com.questk2/src/main/resources
2025-03-07 12:23:55,291 [Worker-14: Creating maven-archetype-quickstart] INFO  o.e.m.j.i.AbstractJavaProjectConfigurator - Adding source folder /com.questk2/src/test/java
2025-03-07 12:23:55,292 [Worker-14: Creating maven-archetype-quickstart] INFO  o.e.m.j.i.AbstractJavaProjectConfigurator - Adding resource folder /com.questk2/src/test/resources
2025-03-07 12:23:55,334 [Worker-14: Creating maven-archetype-quickstart] INFO  o.e.m.c.i.p.ProjectConfigurationManager - Imported and configured 1 project(s) in 1 sec
2025-03-07 12:23:55,787 [Worker-20: Building] INFO  o.a.m.s.f.DefaultMavenResourcesFiltering - skip non existing resourceDirectory D:\egfolder\maven1a\com.questk2\src\main\resources
2025-03-07 12:23:55,791 [Worker-20: Building] INFO  o.a.m.s.f.DefaultMavenResourcesFiltering - skip non existing resourceDirectory D:\egfolder\maven1a\com.questk2\src\test\resources
2025-03-07 12:30:40,843 [Worker-18: Launching Executing install in D__egfolder_maven1a_com.questk2] INFO  o.eclipse.m2e.core.internal.Bundles - getClasspathEntries(Bundle=org.eclipse.m2e.maven.runtime_3.9.900.20240824-1409 [300])
2025-03-07 12:30:40,843 [Worker-18: Launching Executing install in D__egfolder_maven1a_com.questk2] INFO  o.eclipse.m2e.core.internal.Bundles - 	Entry: C:\Users\venkat\.p2\pool\plugins\org.eclipse.m2e.maven.runtime_3.9.900.20240824-1409
2025-03-07 12:30:40,844 [Worker-18: Launching Executing install in D__egfolder_maven1a_com.questk2] INFO  o.eclipse.m2e.core.internal.Bundles - 	Entry: C:\Users\venkat\.p2\pool\plugins\org.eclipse.m2e.maven.runtime_3.9.900.20240824-1409\jars\aopalliance-1.0.jar
2025-03-07 12:30:40,844 [Worker-18: Launching Executing install in D__egfolder_maven1a_com.questk2] INFO  o.eclipse.m2e.core.internal.Bundles - 	Entry: C:\Users\venkat\.p2\pool\plugins\org.eclipse.m2e.maven.runtime_3.9.900.20240824-1409\jars\guice-5.1.0.jar
2025-03-07 12:30:40,844 [Worker-18: Launching Executing install in D__egfolder_maven1a_com.questk2] INFO  o.eclipse.m2e.core.internal.Bundles - 	Entry: C:\Users\venkat\.p2\pool\plugins\org.eclipse.m2e.maven.runtime_3.9.900.20240824-1409\jars\httpclient-4.5.14.jar
2025-03-07 12:30:40,844 [Worker-18: Launching Executing install in D__egfolder_maven1a_com.questk2] INFO  o.eclipse.m2e.core.internal.Bundles - 	Entry: C:\Users\venkat\.p2\pool\plugins\org.eclipse.m2e.maven.runtime_3.9.900.20240824-1409\jars\httpcore-4.4.16.jar
2025-03-07 12:30:40,844 [Worker-18: Launching Executing install in D__egfolder_maven1a_com.questk2] INFO  o.eclipse.m2e.core.internal.Bundles - 	Entry: C:\Users\venkat\.p2\pool\plugins\org.eclipse.m2e.maven.runtime_3.9.900.20240824-1409\jars\jansi-2.4.1.jar
2025-03-07 12:30:40,844 [Worker-18: Launching Executing install in D__egfolder_maven1a_com.questk2] INFO  o.eclipse.m2e.core.internal.Bundles - 	Entry: C:\Users\venkat\.p2\pool\plugins\org.eclipse.m2e.maven.runtime_3.9.900.20240824-1409\jars\jcl-over-slf4j-1.7.36.jar
2025-03-07 12:30:40,845 [Worker-18: Launching Executing install in D__egfolder_maven1a_com.questk2] INFO  o.eclipse.m2e.core.internal.Bundles - 	Entry: C:\Users\venkat\.p2\pool\plugins\org.eclipse.m2e.maven.runtime_3.9.900.20240824-1409\jars\maven-artifact-3.9.9.jar
2025-03-07 12:30:40,845 [Worker-18: Launching Executing install in D__egfolder_maven1a_com.questk2] INFO  o.eclipse.m2e.core.internal.Bundles - 	Entry: C:\Users\venkat\.p2\pool\plugins\org.eclipse.m2e.maven.runtime_3.9.900.20240824-1409\jars\maven-builder-support-3.9.9.jar
2025-03-07 12:30:40,845 [Worker-18: Launching Executing install in D__egfolder_maven1a_com.questk2] INFO  o.eclipse.m2e.core.internal.Bundles - 	Entry: C:\Users\venkat\.p2\pool\plugins\org.eclipse.m2e.maven.runtime_3.9.900.20240824-1409\jars\maven-compat-3.9.9.jar
2025-03-07 12:30:40,845 [Worker-18: Launching Executing install in D__egfolder_maven1a_com.questk2] INFO  o.eclipse.m2e.core.internal.Bundles - 	Entry: C:\Users\venkat\.p2\pool\plugins\org.eclipse.m2e.maven.runtime_3.9.900.20240824-1409\jars\maven-core-3.9.9.jar
2025-03-07 12:30:40,845 [Worker-18: Launching Executing install in D__egfolder_maven1a_com.questk2] INFO  o.eclipse.m2e.core.internal.Bundles - 	Entry: C:\Users\venkat\.p2\pool\plugins\org.eclipse.m2e.maven.runtime_3.9.900.20240824-1409\jars\maven-embedder-3.9.9.jar
2025-03-07 12:30:40,845 [Worker-18: Launching Executing install in D__egfolder_maven1a_com.questk2] INFO  o.eclipse.m2e.core.internal.Bundles - 	Entry: C:\Users\venkat\.p2\pool\plugins\org.eclipse.m2e.maven.runtime_3.9.900.20240824-1409\jars\maven-model-3.9.9.jar
2025-03-07 12:30:40,846 [Worker-18: Launching Executing install in D__egfolder_maven1a_com.questk2] INFO  o.eclipse.m2e.core.internal.Bundles - 	Entry: C:\Users\venkat\.p2\pool\plugins\org.eclipse.m2e.maven.runtime_3.9.900.20240824-1409\jars\maven-model-builder-3.9.9.jar
2025-03-07 12:30:40,846 [Worker-18: Launching Executing install in D__egfolder_maven1a_com.questk2] INFO  o.eclipse.m2e.core.internal.Bundles - 	Entry: C:\Users\venkat\.p2\pool\plugins\org.eclipse.m2e.maven.runtime_3.9.900.20240824-1409\jars\maven-plugin-api-3.9.9.jar
2025-03-07 12:30:40,846 [Worker-18: Launching Executing install in D__egfolder_maven1a_com.questk2] INFO  o.eclipse.m2e.core.internal.Bundles - 	Entry: C:\Users\venkat\.p2\pool\plugins\org.eclipse.m2e.maven.runtime_3.9.900.20240824-1409\jars\maven-repository-metadata-3.9.9.jar
2025-03-07 12:30:40,846 [Worker-18: Launching Executing install in D__egfolder_maven1a_com.questk2] INFO  o.eclipse.m2e.core.internal.Bundles - 	Entry: C:\Users\venkat\.p2\pool\plugins\org.eclipse.m2e.maven.runtime_3.9.900.20240824-1409\jars\maven-resolver-api-1.9.22.jar
2025-03-07 12:30:40,846 [Worker-18: Launching Executing install in D__egfolder_maven1a_com.questk2] INFO  o.eclipse.m2e.core.internal.Bundles - 	Entry: C:\Users\venkat\.p2\pool\plugins\org.eclipse.m2e.maven.runtime_3.9.900.20240824-1409\jars\maven-resolver-connector-basic-1.9.22.jar
2025-03-07 12:30:40,846 [Worker-18: Launching Executing install in D__egfolder_maven1a_com.questk2] INFO  o.eclipse.m2e.core.internal.Bundles - 	Entry: C:\Users\venkat\.p2\pool\plugins\org.eclipse.m2e.maven.runtime_3.9.900.20240824-1409\jars\maven-resolver-impl-1.9.22.jar
2025-03-07 12:30:40,846 [Worker-18: Launching Executing install in D__egfolder_maven1a_com.questk2] INFO  o.eclipse.m2e.core.internal.Bundles - 	Entry: C:\Users\venkat\.p2\pool\plugins\org.eclipse.m2e.maven.runtime_3.9.900.20240824-1409\jars\maven-resolver-named-locks-1.9.22.jar
2025-03-07 12:30:40,847 [Worker-18: Launching Executing install in D__egfolder_maven1a_com.questk2] INFO  o.eclipse.m2e.core.internal.Bundles - 	Entry: C:\Users\venkat\.p2\pool\plugins\org.eclipse.m2e.maven.runtime_3.9.900.20240824-1409\jars\maven-resolver-provider-3.9.9.jar
2025-03-07 12:30:40,847 [Worker-18: Launching Executing install in D__egfolder_maven1a_com.questk2] INFO  o.eclipse.m2e.core.internal.Bundles - 	Entry: C:\Users\venkat\.p2\pool\plugins\org.eclipse.m2e.maven.runtime_3.9.900.20240824-1409\jars\maven-resolver-spi-1.9.22.jar
2025-03-07 12:30:40,847 [Worker-18: Launching Executing install in D__egfolder_maven1a_com.questk2] INFO  o.eclipse.m2e.core.internal.Bundles - 	Entry: C:\Users\venkat\.p2\pool\plugins\org.eclipse.m2e.maven.runtime_3.9.900.20240824-1409\jars\maven-resolver-transport-file-1.9.22.jar
2025-03-07 12:30:40,847 [Worker-18: Launching Executing install in D__egfolder_maven1a_com.questk2] INFO  o.eclipse.m2e.core.internal.Bundles - 	Entry: C:\Users\venkat\.p2\pool\plugins\org.eclipse.m2e.maven.runtime_3.9.900.20240824-1409\jars\maven-resolver-transport-http-1.9.22.jar
2025-03-07 12:30:40,847 [Worker-18: Launching Executing install in D__egfolder_maven1a_com.questk2] INFO  o.eclipse.m2e.core.internal.Bundles - 	Entry: C:\Users\venkat\.p2\pool\plugins\org.eclipse.m2e.maven.runtime_3.9.900.20240824-1409\jars\maven-resolver-transport-wagon-1.9.22.jar
2025-03-07 12:30:40,847 [Worker-18: Launching Executing install in D__egfolder_maven1a_com.questk2] INFO  o.eclipse.m2e.core.internal.Bundles - 	Entry: C:\Users\venkat\.p2\pool\plugins\org.eclipse.m2e.maven.runtime_3.9.900.20240824-1409\jars\maven-resolver-util-1.9.22.jar
2025-03-07 12:30:40,847 [Worker-18: Launching Executing install in D__egfolder_maven1a_com.questk2] INFO  o.eclipse.m2e.core.internal.Bundles - 	Entry: C:\Users\venkat\.p2\pool\plugins\org.eclipse.m2e.maven.runtime_3.9.900.20240824-1409\jars\maven-settings-3.9.9.jar
2025-03-07 12:30:40,848 [Worker-18: Launching Executing install in D__egfolder_maven1a_com.questk2] INFO  o.eclipse.m2e.core.internal.Bundles - 	Entry: C:\Users\venkat\.p2\pool\plugins\org.eclipse.m2e.maven.runtime_3.9.900.20240824-1409\jars\maven-settings-builder-3.9.9.jar
2025-03-07 12:30:40,848 [Worker-18: Launching Executing install in D__egfolder_maven1a_com.questk2] INFO  o.eclipse.m2e.core.internal.Bundles - 	Entry: C:\Users\venkat\.p2\pool\plugins\org.eclipse.m2e.maven.runtime_3.9.900.20240824-1409\jars\maven-shared-utils-3.4.2.jar
2025-03-07 12:30:40,848 [Worker-18: Launching Executing install in D__egfolder_maven1a_com.questk2] INFO  o.eclipse.m2e.core.internal.Bundles - 	Entry: C:\Users\venkat\.p2\pool\plugins\org.eclipse.m2e.maven.runtime_3.9.900.20240824-1409\jars\org.eclipse.sisu.inject-0.9.0.M3.jar
2025-03-07 12:30:40,848 [Worker-18: Launching Executing install in D__egfolder_maven1a_com.questk2] INFO  o.eclipse.m2e.core.internal.Bundles - 	Entry: C:\Users\venkat\.p2\pool\plugins\org.eclipse.m2e.maven.runtime_3.9.900.20240824-1409\jars\org.eclipse.sisu.plexus-0.9.0.M3.jar
2025-03-07 12:30:40,848 [Worker-18: Launching Executing install in D__egfolder_maven1a_com.questk2] INFO  o.eclipse.m2e.core.internal.Bundles - 	Entry: C:\Users\venkat\.p2\pool\plugins\org.eclipse.m2e.maven.runtime_3.9.900.20240824-1409\jars\plexus-build-api-0.0.7.jar
2025-03-07 12:30:40,848 [Worker-18: Launching Executing install in D__egfolder_maven1a_com.questk2] INFO  o.eclipse.m2e.core.internal.Bundles - 	Entry: C:\Users\venkat\.p2\pool\plugins\org.eclipse.m2e.maven.runtime_3.9.900.20240824-1409\jars\plexus-build-api-1.2.0.jar
2025-03-07 12:30:40,849 [Worker-18: Launching Executing install in D__egfolder_maven1a_com.questk2] INFO  o.eclipse.m2e.core.internal.Bundles - 	Entry: C:\Users\venkat\.p2\pool\plugins\org.eclipse.m2e.maven.runtime_3.9.900.20240824-1409\jars\plexus-cipher-2.0.jar
2025-03-07 12:30:40,849 [Worker-18: Launching Executing install in D__egfolder_maven1a_com.questk2] INFO  o.eclipse.m2e.core.internal.Bundles - 	Entry: C:\Users\venkat\.p2\pool\plugins\org.eclipse.m2e.maven.runtime_3.9.900.20240824-1409\jars\plexus-classworlds-2.8.0.jar
2025-03-07 12:30:40,849 [Worker-18: Launching Executing install in D__egfolder_maven1a_com.questk2] INFO  o.eclipse.m2e.core.internal.Bundles - 	Entry: C:\Users\venkat\.p2\pool\plugins\org.eclipse.m2e.maven.runtime_3.9.900.20240824-1409\jars\plexus-component-annotations-2.1.0.jar
2025-03-07 12:30:40,849 [Worker-18: Launching Executing install in D__egfolder_maven1a_com.questk2] INFO  o.eclipse.m2e.core.internal.Bundles - 	Entry: C:\Users\venkat\.p2\pool\plugins\org.eclipse.m2e.maven.runtime_3.9.900.20240824-1409\jars\plexus-interpolation-1.27.jar
2025-03-07 12:30:40,849 [Worker-18: Launching Executing install in D__egfolder_maven1a_com.questk2] INFO  o.eclipse.m2e.core.internal.Bundles - 	Entry: C:\Users\venkat\.p2\pool\plugins\org.eclipse.m2e.maven.runtime_3.9.900.20240824-1409\jars\plexus-sec-dispatcher-2.0.jar
2025-03-07 12:30:40,849 [Worker-18: Launching Executing install in D__egfolder_maven1a_com.questk2] INFO  o.eclipse.m2e.core.internal.Bundles - 	Entry: C:\Users\venkat\.p2\pool\plugins\org.eclipse.m2e.maven.runtime_3.9.900.20240824-1409\jars\plexus-utils-3.5.1.jar
2025-03-07 12:30:40,849 [Worker-18: Launching Executing install in D__egfolder_maven1a_com.questk2] INFO  o.eclipse.m2e.core.internal.Bundles - 	Entry: C:\Users\venkat\.p2\pool\plugins\org.eclipse.m2e.maven.runtime_3.9.900.20240824-1409\jars\plexus-xml-3.0.1.jar
2025-03-07 12:30:40,850 [Worker-18: Launching Executing install in D__egfolder_maven1a_com.questk2] INFO  o.eclipse.m2e.core.internal.Bundles - 	Entry: C:\Users\venkat\.p2\pool\plugins\org.eclipse.m2e.maven.runtime_3.9.900.20240824-1409\jars\wagon-file-3.5.3.jar
2025-03-07 12:30:40,850 [Worker-18: Launching Executing install in D__egfolder_maven1a_com.questk2] INFO  o.eclipse.m2e.core.internal.Bundles - 	Entry: C:\Users\venkat\.p2\pool\plugins\org.eclipse.m2e.maven.runtime_3.9.900.20240824-1409\jars\wagon-http-3.5.3.jar
2025-03-07 12:30:40,850 [Worker-18: Launching Executing install in D__egfolder_maven1a_com.questk2] INFO  o.eclipse.m2e.core.internal.Bundles - 	Entry: C:\Users\venkat\.p2\pool\plugins\org.eclipse.m2e.maven.runtime_3.9.900.20240824-1409\jars\wagon-http-shared-3.5.3.jar
2025-03-07 12:30:40,850 [Worker-18: Launching Executing install in D__egfolder_maven1a_com.questk2] INFO  o.eclipse.m2e.core.internal.Bundles - 	Entry: C:\Users\venkat\.p2\pool\plugins\org.eclipse.m2e.maven.runtime_3.9.900.20240824-1409\jars\wagon-provider-api-3.5.3.jar
2025-03-07 12:30:40,850 [Worker-18: Launching Executing install in D__egfolder_maven1a_com.questk2] INFO  o.eclipse.m2e.core.internal.Bundles - getClasspathEntries(Bundle=com.google.guava_33.3.1.jre [10])
2025-03-07 12:30:40,851 [Worker-18: Launching Executing install in D__egfolder_maven1a_com.questk2] INFO  o.eclipse.m2e.core.internal.Bundles - 	Entry: C:\Users\venkat\.p2\pool\plugins\com.google.guava_33.3.1.jre.jar
2025-03-07 12:30:40,851 [Worker-18: Launching Executing install in D__egfolder_maven1a_com.questk2] INFO  o.eclipse.m2e.core.internal.Bundles - getClasspathEntries(Bundle=slf4j.api_2.0.16 [524])
2025-03-07 12:30:40,851 [Worker-18: Launching Executing install in D__egfolder_maven1a_com.questk2] INFO  o.eclipse.m2e.core.internal.Bundles - 	Entry: C:\Users\venkat\.p2\pool\plugins\slf4j.api_2.0.16.jar
2025-03-07 12:30:40,851 [Worker-18: Launching Executing install in D__egfolder_maven1a_com.questk2] INFO  o.eclipse.m2e.core.internal.Bundles - getClasspathEntries(Bundle=jakarta.inject.jakarta.inject-api_1.0.5 [22])
2025-03-07 12:30:40,852 [Worker-18: Launching Executing install in D__egfolder_maven1a_com.questk2] INFO  o.eclipse.m2e.core.internal.Bundles - 	Entry: C:\Users\venkat\.p2\pool\plugins\jakarta.inject.jakarta.inject-api_1.0.5.jar
2025-03-07 12:30:40,852 [Worker-18: Launching Executing install in D__egfolder_maven1a_com.questk2] INFO  o.eclipse.m2e.core.internal.Bundles - getClasspathEntries(Bundle=jakarta.annotation-api_1.3.5 [20])
2025-03-07 12:30:40,852 [Worker-18: Launching Executing install in D__egfolder_maven1a_com.questk2] INFO  o.eclipse.m2e.core.internal.Bundles - 	Entry: C:\Users\venkat\.p2\pool\plugins\jakarta.annotation-api_1.3.5.jar
2025-03-07 12:30:40,852 [Worker-18: Launching Executing install in D__egfolder_maven1a_com.questk2] INFO  o.eclipse.m2e.core.internal.Bundles - getClasspathEntries(Bundle=org.apache.commons.cli_1.9.0 [47])
2025-03-07 12:30:40,852 [Worker-18: Launching Executing install in D__egfolder_maven1a_com.questk2] INFO  o.eclipse.m2e.core.internal.Bundles - 	Entry: C:\Users\venkat\.p2\pool\plugins\org.apache.commons.cli_1.9.0.jar
2025-03-07 12:30:40,853 [Worker-18: Launching Executing install in D__egfolder_maven1a_com.questk2] INFO  o.eclipse.m2e.core.internal.Bundles - getClasspathEntries(Bundle=org.apache.commons.commons-codec_1.16.0 [50])
2025-03-07 12:30:40,853 [Worker-18: Launching Executing install in D__egfolder_maven1a_com.questk2] INFO  o.eclipse.m2e.core.internal.Bundles - 	Entry: C:\Users\venkat\.p2\pool\plugins\org.apache.commons.commons-codec_1.16.0.jar
2025-03-07 12:30:40,853 [Worker-18: Launching Executing install in D__egfolder_maven1a_com.questk2] INFO  o.eclipse.m2e.core.internal.Bundles - getClasspathEntries(Bundle=com.google.guava.failureaccess_1.0.2 [11])
2025-03-07 12:30:40,853 [Worker-18: Launching Executing install in D__egfolder_maven1a_com.questk2] INFO  o.eclipse.m2e.core.internal.Bundles - 	Entry: C:\Users\venkat\.p2\pool\plugins\com.google.guava.failureaccess_1.0.2.jar
2025-03-07 12:30:40,855 [Worker-18: Launching Executing install in D__egfolder_maven1a_com.questk2] INFO  o.e.m.i.launch.MavenLaunchDelegate - Run build in "D:\egfolder\maven1a\com.questk2":
2025-03-07 12:30:40,855 [Worker-18: Launching Executing install in D__egfolder_maven1a_com.questk2] INFO  o.e.m.i.launch.MavenLaunchDelegate -  mvn  -B -Dstyle.color=always install
2025-03-07 12:30:40,855 [Worker-18: Launching Executing install in D__egfolder_maven1a_com.questk2] WARN  o.e.m.i.l.MavenLaunchExtensionsSupport - Unknown or unsupported source locator org.eclipse.jdt.internal.launching.sourcelookup.advanced.AdvancedSourceLookupDirector
2025-03-07 12:30:51,716 [Worker-22: Building] INFO  o.a.m.s.f.DefaultMavenResourcesFiltering - skip non existing resourceDirectory D:\egfolder\maven1a\com.questk2\src\main\resources
2025-03-07 12:30:51,720 [Worker-22: Building] INFO  o.a.m.s.f.DefaultMavenResourcesFiltering - skip non existing resourceDirectory D:\egfolder\maven1a\com.questk2\src\test\resources
